C:\Program Files (x86)\Microsoft Visual Studio\2019\Enterprise\MSBuild\Microsoft\VC\v160\Microsoft.CppBuild.targets(498,5): warning MSB8004: Intermediate Directory does not end with a trailing slash.  This build instance will add the slash as it is required to allow proper evaluation of the Intermediate Directory.
C:\Program Files (x86)\Microsoft Visual Studio\2019\Enterprise\MSBuild\Microsoft\VC\v160\Microsoft.CppBuild.targets(499,5): warning MSB8004: Output Directory does not end with a trailing slash.  This build instance will add the slash as it is required to allow proper evaluation of the Output Directory.
  BuildingComponent.cpp
C:\Users\Bogdan Strohonov\Desktop\StrategyPrototype3\StraProtyp3\StraProtyp3\GameObject2.h(100,61): warning C4129: '{': unrecognized character escape sequence
C:\Users\Bogdan Strohonov\Desktop\StrategyPrototype3\StraProtyp3\StraProtyp3\Common.h(96,60): warning C4244: 'argument': conversion from 'float' to 'int', possible loss of data
C:\Users\Bogdan Strohonov\Desktop\StrategyPrototype3\StraProtyp3\StraProtyp3\Common.h(96,48): warning C4244: 'argument': conversion from 'float' to 'int', possible loss of data
C:\Users\Bogdan Strohonov\Desktop\StrategyPrototype3\StraProtyp3\StraProtyp3\Common.h(96,34): warning C4244: 'argument': conversion from 'float' to 'int', possible loss of data
C:\Users\Bogdan Strohonov\Desktop\StrategyPrototype3\StraProtyp3\StraProtyp3\Common.h(96,20): warning C4244: 'argument': conversion from 'float' to 'int', possible loss of data
C:\Users\Bogdan Strohonov\Desktop\StrategyPrototype3\StraProtyp3\StraProtyp3\Common.h(103,10): warning C4244: 'initializing': conversion from 'float' to 'int', possible loss of data
C:\Users\Bogdan Strohonov\Desktop\StrategyPrototype3\StraProtyp3\StraProtyp3\Common.h(104,11): warning C4244: 'initializing': conversion from 'float' to 'int', possible loss of data
C:\Users\Bogdan Strohonov\Desktop\StrategyPrototype3\StraProtyp3\StraProtyp3\Common.h(105,10): warning C4244: 'initializing': conversion from 'float' to 'int', possible loss of data
C:\Users\Bogdan Strohonov\Desktop\StrategyPrototype3\StraProtyp3\StraProtyp3\Common.h(106,11): warning C4244: 'initializing': conversion from 'float' to 'int', possible loss of data
C:\Users\Bogdan Strohonov\Desktop\StrategyPrototype3\StraProtyp3\StraProtyp3\Common.h(108,10): warning C4244: 'initializing': conversion from 'float' to 'int', possible loss of data
C:\Users\Bogdan Strohonov\Desktop\StrategyPrototype3\StraProtyp3\StraProtyp3\Common.h(112,54): warning C4244: 'return': conversion from 'int' to 'float', possible loss of data
C:\Users\Bogdan Strohonov\Desktop\StrategyPrototype3\StraProtyp3\StraProtyp3\Common.h(115,1): warning C4305: 'return': truncation from 'int' to 'float'
C:\Users\Bogdan Strohonov\Desktop\StrategyPrototype3\StraProtyp3\StraProtyp3\Common.h(124,46): warning C4244: 'argument': conversion from 'float' to 'int', possible loss of data
C:\Users\Bogdan Strohonov\Desktop\StrategyPrototype3\StraProtyp3\StraProtyp3\Common.h(124,35): warning C4244: 'argument': conversion from 'float' to 'int', possible loss of data
C:\Users\Bogdan Strohonov\Desktop\StrategyPrototype3\StraProtyp3\StraProtyp3\Common.h(124,24): warning C4244: 'argument': conversion from 'float' to 'int', possible loss of data
C:\Users\Bogdan Strohonov\Desktop\StrategyPrototype3\StraProtyp3\StraProtyp3\Common.h(124,13): warning C4244: 'argument': conversion from 'float' to 'int', possible loss of data
C:\Users\Bogdan Strohonov\Desktop\StrategyPrototype3\StraProtyp3\StraProtyp3\Common.h(132,10): warning C4244: 'initializing': conversion from 'float' to 'int', possible loss of data
C:\Users\Bogdan Strohonov\Desktop\StrategyPrototype3\StraProtyp3\StraProtyp3\Common.h(133,11): warning C4244: 'initializing': conversion from 'float' to 'int', possible loss of data
C:\Users\Bogdan Strohonov\Desktop\StrategyPrototype3\StraProtyp3\StraProtyp3\Common.h(134,10): warning C4244: 'initializing': conversion from 'float' to 'int', possible loss of data
C:\Users\Bogdan Strohonov\Desktop\StrategyPrototype3\StraProtyp3\StraProtyp3\Common.h(135,11): warning C4244: 'initializing': conversion from 'float' to 'int', possible loss of data
C:\Users\Bogdan Strohonov\Desktop\StrategyPrototype3\StraProtyp3\StraProtyp3\Common.h(154,34): warning C4244: 'argument': conversion from 'float' to 'int', possible loss of data
C:\Users\Bogdan Strohonov\Desktop\StrategyPrototype3\StraProtyp3\StraProtyp3\Common.h(154,23): warning C4244: 'argument': conversion from 'float' to 'int', possible loss of data
C:\Users\Bogdan Strohonov\Desktop\StrategyPrototype3\StraProtyp3\StraProtyp3\Common.h(163,14): warning C4244: 'initializing': conversion from 'float' to 'int', possible loss of data
C:\Users\Bogdan Strohonov\Desktop\StrategyPrototype3\StraProtyp3\StraProtyp3\Common.h(164,14): warning C4244: 'initializing': conversion from 'float' to 'int', possible loss of data
C:\Users\Bogdan Strohonov\Desktop\StrategyPrototype3\StraProtyp3\StraProtyp3\Common.h(165,12): warning C4244: 'initializing': conversion from 'float' to 'int', possible loss of data
C:\Users\Bogdan Strohonov\Desktop\StrategyPrototype3\StraProtyp3\StraProtyp3\Common.h(166,12): warning C4244: 'initializing': conversion from 'float' to 'int', possible loss of data
C:\Program Files (x86)\Microsoft Visual Studio\2019\Enterprise\VC\Tools\MSVC\14.29.30037\include\tuple(644,76): warning C4244: '=': conversion from '_Ty' to '_Ty', possible loss of data
          with
          [
              _Ty=int
          ]
          and
          [
              _Ty=float
          ]
C:\Users\Bogdan Strohonov\Desktop\StrategyPrototype3\StraProtyp3\StraProtyp3\Common.h(143): message : see reference to function template instantiation 'std::tuple<float,float,float,float,float> &std::tuple<float,float,float,float,float>::operator =<int,int,int,int,float,0>(std::tuple<int,int,int,int,float> &&) noexcept' being compiled
C:\Users\Bogdan Strohonov\Desktop\StrategyPrototype3\StraProtyp3\StraProtyp3\Common.h(143): message : see reference to function template instantiation 'std::tuple<float,float,float,float,float> &std::tuple<float,float,float,float,float>::operator =<int,int,int,int,float,0>(std::tuple<int,int,int,int,float> &&) noexcept' being compiled
C:\Program Files (x86)\Microsoft Visual Studio\2019\Enterprise\VC\Tools\MSVC\14.29.30037\include\tuple(170,47): warning C4244: 'initializing': conversion from 'int' to '_Ty', possible loss of data
          with
          [
              _Ty=float
          ]
C:\Program Files (x86)\Microsoft Visual Studio\2019\Enterprise\VC\Tools\MSVC\14.29.30037\include\tuple(258): message : see reference to function template instantiation 'std::_Tuple_val<_This>::_Tuple_val<int&>(_Other)' being compiled
          with
          [
              _This=float,
              _Other=int &
          ]
C:\Program Files (x86)\Microsoft Visual Studio\2019\Enterprise\VC\Tools\MSVC\14.29.30037\include\tuple(258): message : see reference to function template instantiation 'std::_Tuple_val<_This>::_Tuple_val<int&>(_Other)' being compiled
          with
          [
              _This=float,
              _Other=int &
          ]
C:\Program Files (x86)\Microsoft Visual Studio\2019\Enterprise\VC\Tools\MSVC\14.29.30037\include\tuple(340): message : see reference to function template instantiation 'std::tuple<float,float>::tuple<std::_Exact_args_t,int&,int&,0>(_Tag,_This2,int &)' being compiled
          with
          [
              _Tag=std::_Exact_args_t,
              _This2=int &
          ]
C:\Program Files (x86)\Microsoft Visual Studio\2019\Enterprise\VC\Tools\MSVC\14.29.30037\include\tuple(340): message : see reference to function template instantiation 'std::tuple<float,float>::tuple<std::_Exact_args_t,int&,int&,0>(_Tag,_This2,int &)' being compiled
          with
          [
              _Tag=std::_Exact_args_t,
              _This2=int &
          ]
C:\Users\Bogdan Strohonov\Desktop\StrategyPrototype3\StraProtyp3\StraProtyp3\Common.h(170): message : see reference to function template instantiation 'std::tuple<float,float>::tuple<int&,int&,0>(_This2,int &) noexcept' being compiled
          with
          [
              _This2=int &
          ]
C:\Users\Bogdan Strohonov\Desktop\StrategyPrototype3\StraProtyp3\StraProtyp3\Common.h(170): message : see reference to function template instantiation 'std::tuple<float,float>::tuple<int&,int&,0>(_This2,int &) noexcept' being compiled
          with
          [
              _This2=int &
          ]
  CityComponent.cpp
C:\Users\Bogdan Strohonov\Desktop\StrategyPrototype3\StraProtyp3\StraProtyp3\GameObject2.h(100,61): warning C4129: '{': unrecognized character escape sequence
C:\Users\Bogdan Strohonov\Desktop\StrategyPrototype3\StraProtyp3\StraProtyp3\Common.h(96,60): warning C4244: 'argument': conversion from 'float' to 'int', possible loss of data
C:\Users\Bogdan Strohonov\Desktop\StrategyPrototype3\StraProtyp3\StraProtyp3\Common.h(96,48): warning C4244: 'argument': conversion from 'float' to 'int', possible loss of data
C:\Users\Bogdan Strohonov\Desktop\StrategyPrototype3\StraProtyp3\StraProtyp3\Common.h(96,34): warning C4244: 'argument': conversion from 'float' to 'int', possible loss of data
C:\Users\Bogdan Strohonov\Desktop\StrategyPrototype3\StraProtyp3\StraProtyp3\Common.h(96,20): warning C4244: 'argument': conversion from 'float' to 'int', possible loss of data
C:\Users\Bogdan Strohonov\Desktop\StrategyPrototype3\StraProtyp3\StraProtyp3\Common.h(103,10): warning C4244: 'initializing': conversion from 'float' to 'int', possible loss of data
C:\Users\Bogdan Strohonov\Desktop\StrategyPrototype3\StraProtyp3\StraProtyp3\Common.h(104,11): warning C4244: 'initializing': conversion from 'float' to 'int', possible loss of data
C:\Users\Bogdan Strohonov\Desktop\StrategyPrototype3\StraProtyp3\StraProtyp3\Common.h(105,10): warning C4244: 'initializing': conversion from 'float' to 'int', possible loss of data
C:\Users\Bogdan Strohonov\Desktop\StrategyPrototype3\StraProtyp3\StraProtyp3\Common.h(106,11): warning C4244: 'initializing': conversion from 'float' to 'int', possible loss of data
C:\Users\Bogdan Strohonov\Desktop\StrategyPrototype3\StraProtyp3\StraProtyp3\Common.h(108,10): warning C4244: 'initializing': conversion from 'float' to 'int', possible loss of data
C:\Users\Bogdan Strohonov\Desktop\StrategyPrototype3\StraProtyp3\StraProtyp3\Common.h(112,54): warning C4244: 'return': conversion from 'int' to 'float', possible loss of data
C:\Users\Bogdan Strohonov\Desktop\StrategyPrototype3\StraProtyp3\StraProtyp3\Common.h(115,1): warning C4305: 'return': truncation from 'int' to 'float'
C:\Users\Bogdan Strohonov\Desktop\StrategyPrototype3\StraProtyp3\StraProtyp3\Common.h(124,46): warning C4244: 'argument': conversion from 'float' to 'int', possible loss of data
C:\Users\Bogdan Strohonov\Desktop\StrategyPrototype3\StraProtyp3\StraProtyp3\Common.h(124,35): warning C4244: 'argument': conversion from 'float' to 'int', possible loss of data
C:\Users\Bogdan Strohonov\Desktop\StrategyPrototype3\StraProtyp3\StraProtyp3\Common.h(124,24): warning C4244: 'argument': conversion from 'float' to 'int', possible loss of data
C:\Users\Bogdan Strohonov\Desktop\StrategyPrototype3\StraProtyp3\StraProtyp3\Common.h(124,13): warning C4244: 'argument': conversion from 'float' to 'int', possible loss of data
C:\Users\Bogdan Strohonov\Desktop\StrategyPrototype3\StraProtyp3\StraProtyp3\Common.h(132,10): warning C4244: 'initializing': conversion from 'float' to 'int', possible loss of data
C:\Users\Bogdan Strohonov\Desktop\StrategyPrototype3\StraProtyp3\StraProtyp3\Common.h(133,11): warning C4244: 'initializing': conversion from 'float' to 'int', possible loss of data
C:\Users\Bogdan Strohonov\Desktop\StrategyPrototype3\StraProtyp3\StraProtyp3\Common.h(134,10): warning C4244: 'initializing': conversion from 'float' to 'int', possible loss of data
C:\Users\Bogdan Strohonov\Desktop\StrategyPrototype3\StraProtyp3\StraProtyp3\Common.h(135,11): warning C4244: 'initializing': conversion from 'float' to 'int', possible loss of data
C:\Users\Bogdan Strohonov\Desktop\StrategyPrototype3\StraProtyp3\StraProtyp3\Common.h(154,34): warning C4244: 'argument': conversion from 'float' to 'int', possible loss of data
C:\Users\Bogdan Strohonov\Desktop\StrategyPrototype3\StraProtyp3\StraProtyp3\Common.h(154,23): warning C4244: 'argument': conversion from 'float' to 'int', possible loss of data
C:\Users\Bogdan Strohonov\Desktop\StrategyPrototype3\StraProtyp3\StraProtyp3\Common.h(163,14): warning C4244: 'initializing': conversion from 'float' to 'int', possible loss of data
C:\Users\Bogdan Strohonov\Desktop\StrategyPrototype3\StraProtyp3\StraProtyp3\Common.h(164,14): warning C4244: 'initializing': conversion from 'float' to 'int', possible loss of data
C:\Users\Bogdan Strohonov\Desktop\StrategyPrototype3\StraProtyp3\StraProtyp3\Common.h(165,12): warning C4244: 'initializing': conversion from 'float' to 'int', possible loss of data
C:\Users\Bogdan Strohonov\Desktop\StrategyPrototype3\StraProtyp3\StraProtyp3\Common.h(166,12): warning C4244: 'initializing': conversion from 'float' to 'int', possible loss of data
C:\Program Files (x86)\Microsoft Visual Studio\2019\Enterprise\VC\Tools\MSVC\14.29.30037\include\tuple(644,76): warning C4244: '=': conversion from '_Ty' to '_Ty', possible loss of data
          with
          [
              _Ty=int
          ]
          and
          [
              _Ty=float
          ]
C:\Users\Bogdan Strohonov\Desktop\StrategyPrototype3\StraProtyp3\StraProtyp3\Common.h(143): message : see reference to function template instantiation 'std::tuple<float,float,float,float,float> &std::tuple<float,float,float,float,float>::operator =<int,int,int,int,float,0>(std::tuple<int,int,int,int,float> &&) noexcept' being compiled
C:\Users\Bogdan Strohonov\Desktop\StrategyPrototype3\StraProtyp3\StraProtyp3\Common.h(143): message : see reference to function template instantiation 'std::tuple<float,float,float,float,float> &std::tuple<float,float,float,float,float>::operator =<int,int,int,int,float,0>(std::tuple<int,int,int,int,float> &&) noexcept' being compiled
C:\Program Files (x86)\Microsoft Visual Studio\2019\Enterprise\VC\Tools\MSVC\14.29.30037\include\tuple(170,47): warning C4244: 'initializing': conversion from 'int' to '_Ty', possible loss of data
          with
          [
              _Ty=float
          ]
C:\Program Files (x86)\Microsoft Visual Studio\2019\Enterprise\VC\Tools\MSVC\14.29.30037\include\tuple(258): message : see reference to function template instantiation 'std::_Tuple_val<_This>::_Tuple_val<int&>(_Other)' being compiled
          with
          [
              _This=float,
              _Other=int &
          ]
C:\Program Files (x86)\Microsoft Visual Studio\2019\Enterprise\VC\Tools\MSVC\14.29.30037\include\tuple(258): message : see reference to function template instantiation 'std::_Tuple_val<_This>::_Tuple_val<int&>(_Other)' being compiled
          with
          [
              _This=float,
              _Other=int &
          ]
C:\Program Files (x86)\Microsoft Visual Studio\2019\Enterprise\VC\Tools\MSVC\14.29.30037\include\tuple(340): message : see reference to function template instantiation 'std::tuple<float,float>::tuple<std::_Exact_args_t,int&,int&,0>(_Tag,_This2,int &)' being compiled
          with
          [
              _Tag=std::_Exact_args_t,
              _This2=int &
          ]
C:\Program Files (x86)\Microsoft Visual Studio\2019\Enterprise\VC\Tools\MSVC\14.29.30037\include\tuple(340): message : see reference to function template instantiation 'std::tuple<float,float>::tuple<std::_Exact_args_t,int&,int&,0>(_Tag,_This2,int &)' being compiled
          with
          [
              _Tag=std::_Exact_args_t,
              _This2=int &
          ]
C:\Users\Bogdan Strohonov\Desktop\StrategyPrototype3\StraProtyp3\StraProtyp3\Common.h(170): message : see reference to function template instantiation 'std::tuple<float,float>::tuple<int&,int&,0>(_This2,int &) noexcept' being compiled
          with
          [
              _This2=int &
          ]
C:\Users\Bogdan Strohonov\Desktop\StrategyPrototype3\StraProtyp3\StraProtyp3\Common.h(170): message : see reference to function template instantiation 'std::tuple<float,float>::tuple<int&,int&,0>(_This2,int &) noexcept' being compiled
          with
          [
              _This2=int &
          ]
  ForestSystem.cpp
C:\Users\Bogdan Strohonov\Desktop\StrategyPrototype3\StraProtyp3\StraProtyp3\GameObject2.h(100,61): warning C4129: '{': unrecognized character escape sequence
C:\Users\Bogdan Strohonov\Desktop\StrategyPrototype3\StraProtyp3\StraProtyp3\Common.h(96,60): warning C4244: 'argument': conversion from 'float' to 'int', possible loss of data
C:\Users\Bogdan Strohonov\Desktop\StrategyPrototype3\StraProtyp3\StraProtyp3\Common.h(96,48): warning C4244: 'argument': conversion from 'float' to 'int', possible loss of data
C:\Users\Bogdan Strohonov\Desktop\StrategyPrototype3\StraProtyp3\StraProtyp3\Common.h(96,34): warning C4244: 'argument': conversion from 'float' to 'int', possible loss of data
C:\Users\Bogdan Strohonov\Desktop\StrategyPrototype3\StraProtyp3\StraProtyp3\Common.h(96,20): warning C4244: 'argument': conversion from 'float' to 'int', possible loss of data
C:\Users\Bogdan Strohonov\Desktop\StrategyPrototype3\StraProtyp3\StraProtyp3\Common.h(103,10): warning C4244: 'initializing': conversion from 'float' to 'int', possible loss of data
C:\Users\Bogdan Strohonov\Desktop\StrategyPrototype3\StraProtyp3\StraProtyp3\Common.h(104,11): warning C4244: 'initializing': conversion from 'float' to 'int', possible loss of data
C:\Users\Bogdan Strohonov\Desktop\StrategyPrototype3\StraProtyp3\StraProtyp3\Common.h(105,10): warning C4244: 'initializing': conversion from 'float' to 'int', possible loss of data
C:\Users\Bogdan Strohonov\Desktop\StrategyPrototype3\StraProtyp3\StraProtyp3\Common.h(106,11): warning C4244: 'initializing': conversion from 'float' to 'int', possible loss of data
C:\Users\Bogdan Strohonov\Desktop\StrategyPrototype3\StraProtyp3\StraProtyp3\Common.h(108,10): warning C4244: 'initializing': conversion from 'float' to 'int', possible loss of data
C:\Users\Bogdan Strohonov\Desktop\StrategyPrototype3\StraProtyp3\StraProtyp3\Common.h(112,54): warning C4244: 'return': conversion from 'int' to 'float', possible loss of data
C:\Users\Bogdan Strohonov\Desktop\StrategyPrototype3\StraProtyp3\StraProtyp3\Common.h(115,1): warning C4305: 'return': truncation from 'int' to 'float'
C:\Users\Bogdan Strohonov\Desktop\StrategyPrototype3\StraProtyp3\StraProtyp3\Common.h(124,46): warning C4244: 'argument': conversion from 'float' to 'int', possible loss of data
C:\Users\Bogdan Strohonov\Desktop\StrategyPrototype3\StraProtyp3\StraProtyp3\Common.h(124,35): warning C4244: 'argument': conversion from 'float' to 'int', possible loss of data
C:\Users\Bogdan Strohonov\Desktop\StrategyPrototype3\StraProtyp3\StraProtyp3\Common.h(124,24): warning C4244: 'argument': conversion from 'float' to 'int', possible loss of data
C:\Users\Bogdan Strohonov\Desktop\StrategyPrototype3\StraProtyp3\StraProtyp3\Common.h(124,13): warning C4244: 'argument': conversion from 'float' to 'int', possible loss of data
C:\Users\Bogdan Strohonov\Desktop\StrategyPrototype3\StraProtyp3\StraProtyp3\Common.h(132,10): warning C4244: 'initializing': conversion from 'float' to 'int', possible loss of data
C:\Users\Bogdan Strohonov\Desktop\StrategyPrototype3\StraProtyp3\StraProtyp3\Common.h(133,11): warning C4244: 'initializing': conversion from 'float' to 'int', possible loss of data
C:\Users\Bogdan Strohonov\Desktop\StrategyPrototype3\StraProtyp3\StraProtyp3\Common.h(134,10): warning C4244: 'initializing': conversion from 'float' to 'int', possible loss of data
C:\Users\Bogdan Strohonov\Desktop\StrategyPrototype3\StraProtyp3\StraProtyp3\Common.h(135,11): warning C4244: 'initializing': conversion from 'float' to 'int', possible loss of data
C:\Users\Bogdan Strohonov\Desktop\StrategyPrototype3\StraProtyp3\StraProtyp3\Common.h(154,34): warning C4244: 'argument': conversion from 'float' to 'int', possible loss of data
C:\Users\Bogdan Strohonov\Desktop\StrategyPrototype3\StraProtyp3\StraProtyp3\Common.h(154,23): warning C4244: 'argument': conversion from 'float' to 'int', possible loss of data
C:\Users\Bogdan Strohonov\Desktop\StrategyPrototype3\StraProtyp3\StraProtyp3\Common.h(163,14): warning C4244: 'initializing': conversion from 'float' to 'int', possible loss of data
C:\Users\Bogdan Strohonov\Desktop\StrategyPrototype3\StraProtyp3\StraProtyp3\Common.h(164,14): warning C4244: 'initializing': conversion from 'float' to 'int', possible loss of data
C:\Users\Bogdan Strohonov\Desktop\StrategyPrototype3\StraProtyp3\StraProtyp3\Common.h(165,12): warning C4244: 'initializing': conversion from 'float' to 'int', possible loss of data
C:\Users\Bogdan Strohonov\Desktop\StrategyPrototype3\StraProtyp3\StraProtyp3\Common.h(166,12): warning C4244: 'initializing': conversion from 'float' to 'int', possible loss of data
C:\Users\Bogdan Strohonov\Desktop\StrategyPrototype3\StraProtyp3\StraProtyp3\ForestSystem.cpp(366,9): warning C4244: 'return': conversion from 'float' to 'int', possible loss of data
C:\Users\Bogdan Strohonov\Desktop\StrategyPrototype3\StraProtyp3\StraProtyp3\ForestSystem.cpp(554,73): warning C4244: 'argument': conversion from 'int' to 'float', possible loss of data
C:\Users\Bogdan Strohonov\Desktop\StrategyPrototype3\StraProtyp3\StraProtyp3\ForestSystem.cpp(554,70): warning C4244: 'argument': conversion from 'int' to 'float', possible loss of data
C:\Users\Bogdan Strohonov\Desktop\StrategyPrototype3\StraProtyp3\StraProtyp3\ForestSystem.cpp(559,70): warning C4244: 'argument': conversion from 'int' to 'float', possible loss of data
C:\Users\Bogdan Strohonov\Desktop\StrategyPrototype3\StraProtyp3\StraProtyp3\ForestSystem.cpp(559,67): warning C4244: 'argument': conversion from 'int' to 'float', possible loss of data
C:\Users\Bogdan Strohonov\Desktop\StrategyPrototype3\StraProtyp3\StraProtyp3\ForestSystem.cpp(564,68): warning C4244: 'argument': conversion from 'int' to 'float', possible loss of data
C:\Users\Bogdan Strohonov\Desktop\StrategyPrototype3\StraProtyp3\StraProtyp3\ForestSystem.cpp(564,65): warning C4244: 'argument': conversion from 'int' to 'float', possible loss of data
C:\Users\Bogdan Strohonov\Desktop\StrategyPrototype3\StraProtyp3\StraProtyp3\ForestSystem.cpp(569,72): warning C4244: 'argument': conversion from 'int' to 'float', possible loss of data
C:\Users\Bogdan Strohonov\Desktop\StrategyPrototype3\StraProtyp3\StraProtyp3\ForestSystem.cpp(569,69): warning C4244: 'argument': conversion from 'int' to 'float', possible loss of data
C:\Users\Bogdan Strohonov\Desktop\StrategyPrototype3\StraProtyp3\StraProtyp3\ForestSystem.cpp(574,70): warning C4244: 'argument': conversion from 'int' to 'float', possible loss of data
C:\Users\Bogdan Strohonov\Desktop\StrategyPrototype3\StraProtyp3\StraProtyp3\ForestSystem.cpp(574,67): warning C4244: 'argument': conversion from 'int' to 'float', possible loss of data
C:\Program Files (x86)\Microsoft Visual Studio\2019\Enterprise\VC\Tools\MSVC\14.29.30037\include\tuple(644,76): warning C4244: '=': conversion from '_Ty' to '_Ty', possible loss of data
          with
          [
              _Ty=int
          ]
          and
          [
              _Ty=float
          ]
C:\Users\Bogdan Strohonov\Desktop\StrategyPrototype3\StraProtyp3\StraProtyp3\Common.h(143): message : see reference to function template instantiation 'std::tuple<float,float,float,float,float> &std::tuple<float,float,float,float,float>::operator =<int,int,int,int,float,0>(std::tuple<int,int,int,int,float> &&) noexcept' being compiled
C:\Users\Bogdan Strohonov\Desktop\StrategyPrototype3\StraProtyp3\StraProtyp3\Common.h(143): message : see reference to function template instantiation 'std::tuple<float,float,float,float,float> &std::tuple<float,float,float,float,float>::operator =<int,int,int,int,float,0>(std::tuple<int,int,int,int,float> &&) noexcept' being compiled
C:\Program Files (x86)\Microsoft Visual Studio\2019\Enterprise\VC\Tools\MSVC\14.29.30037\include\tuple(170,47): warning C4244: 'initializing': conversion from 'int' to '_Ty', possible loss of data
          with
          [
              _Ty=float
          ]
C:\Program Files (x86)\Microsoft Visual Studio\2019\Enterprise\VC\Tools\MSVC\14.29.30037\include\tuple(258): message : see reference to function template instantiation 'std::_Tuple_val<_This>::_Tuple_val<int&>(_Other)' being compiled
          with
          [
              _This=float,
              _Other=int &
          ]
C:\Program Files (x86)\Microsoft Visual Studio\2019\Enterprise\VC\Tools\MSVC\14.29.30037\include\tuple(258): message : see reference to function template instantiation 'std::_Tuple_val<_This>::_Tuple_val<int&>(_Other)' being compiled
          with
          [
              _This=float,
              _Other=int &
          ]
C:\Program Files (x86)\Microsoft Visual Studio\2019\Enterprise\VC\Tools\MSVC\14.29.30037\include\tuple(340): message : see reference to function template instantiation 'std::tuple<float,float>::tuple<std::_Exact_args_t,int&,int&,0>(_Tag,_This2,int &)' being compiled
          with
          [
              _Tag=std::_Exact_args_t,
              _This2=int &
          ]
C:\Program Files (x86)\Microsoft Visual Studio\2019\Enterprise\VC\Tools\MSVC\14.29.30037\include\tuple(340): message : see reference to function template instantiation 'std::tuple<float,float>::tuple<std::_Exact_args_t,int&,int&,0>(_Tag,_This2,int &)' being compiled
          with
          [
              _Tag=std::_Exact_args_t,
              _This2=int &
          ]
C:\Users\Bogdan Strohonov\Desktop\StrategyPrototype3\StraProtyp3\StraProtyp3\Common.h(170): message : see reference to function template instantiation 'std::tuple<float,float>::tuple<int&,int&,0>(_This2,int &) noexcept' being compiled
          with
          [
              _This2=int &
          ]
C:\Users\Bogdan Strohonov\Desktop\StrategyPrototype3\StraProtyp3\StraProtyp3\Common.h(170): message : see reference to function template instantiation 'std::tuple<float,float>::tuple<int&,int&,0>(_This2,int &) noexcept' being compiled
          with
          [
              _This2=int &
          ]
  GameObjectStorage.cpp
C:\Users\Bogdan Strohonov\Desktop\StrategyPrototype3\StraProtyp3\StraProtyp3\GameObject2.h(100,61): warning C4129: '{': unrecognized character escape sequence
C:\Users\Bogdan Strohonov\Desktop\StrategyPrototype3\StraProtyp3\StraProtyp3\Common.h(96,60): warning C4244: 'argument': conversion from 'float' to 'int', possible loss of data
C:\Users\Bogdan Strohonov\Desktop\StrategyPrototype3\StraProtyp3\StraProtyp3\Common.h(96,48): warning C4244: 'argument': conversion from 'float' to 'int', possible loss of data
C:\Users\Bogdan Strohonov\Desktop\StrategyPrototype3\StraProtyp3\StraProtyp3\Common.h(96,34): warning C4244: 'argument': conversion from 'float' to 'int', possible loss of data
C:\Users\Bogdan Strohonov\Desktop\StrategyPrototype3\StraProtyp3\StraProtyp3\Common.h(96,20): warning C4244: 'argument': conversion from 'float' to 'int', possible loss of data
C:\Users\Bogdan Strohonov\Desktop\StrategyPrototype3\StraProtyp3\StraProtyp3\Common.h(103,10): warning C4244: 'initializing': conversion from 'float' to 'int', possible loss of data
C:\Users\Bogdan Strohonov\Desktop\StrategyPrototype3\StraProtyp3\StraProtyp3\Common.h(104,11): warning C4244: 'initializing': conversion from 'float' to 'int', possible loss of data
C:\Users\Bogdan Strohonov\Desktop\StrategyPrototype3\StraProtyp3\StraProtyp3\Common.h(105,10): warning C4244: 'initializing': conversion from 'float' to 'int', possible loss of data
C:\Users\Bogdan Strohonov\Desktop\StrategyPrototype3\StraProtyp3\StraProtyp3\Common.h(106,11): warning C4244: 'initializing': conversion from 'float' to 'int', possible loss of data
C:\Users\Bogdan Strohonov\Desktop\StrategyPrototype3\StraProtyp3\StraProtyp3\Common.h(108,10): warning C4244: 'initializing': conversion from 'float' to 'int', possible loss of data
C:\Users\Bogdan Strohonov\Desktop\StrategyPrototype3\StraProtyp3\StraProtyp3\Common.h(112,54): warning C4244: 'return': conversion from 'int' to 'float', possible loss of data
C:\Users\Bogdan Strohonov\Desktop\StrategyPrototype3\StraProtyp3\StraProtyp3\Common.h(115,1): warning C4305: 'return': truncation from 'int' to 'float'
C:\Users\Bogdan Strohonov\Desktop\StrategyPrototype3\StraProtyp3\StraProtyp3\Common.h(124,46): warning C4244: 'argument': conversion from 'float' to 'int', possible loss of data
C:\Users\Bogdan Strohonov\Desktop\StrategyPrototype3\StraProtyp3\StraProtyp3\Common.h(124,35): warning C4244: 'argument': conversion from 'float' to 'int', possible loss of data
C:\Users\Bogdan Strohonov\Desktop\StrategyPrototype3\StraProtyp3\StraProtyp3\Common.h(124,24): warning C4244: 'argument': conversion from 'float' to 'int', possible loss of data
C:\Users\Bogdan Strohonov\Desktop\StrategyPrototype3\StraProtyp3\StraProtyp3\Common.h(124,13): warning C4244: 'argument': conversion from 'float' to 'int', possible loss of data
C:\Users\Bogdan Strohonov\Desktop\StrategyPrototype3\StraProtyp3\StraProtyp3\Common.h(132,10): warning C4244: 'initializing': conversion from 'float' to 'int', possible loss of data
C:\Users\Bogdan Strohonov\Desktop\StrategyPrototype3\StraProtyp3\StraProtyp3\Common.h(133,11): warning C4244: 'initializing': conversion from 'float' to 'int', possible loss of data
C:\Users\Bogdan Strohonov\Desktop\StrategyPrototype3\StraProtyp3\StraProtyp3\Common.h(134,10): warning C4244: 'initializing': conversion from 'float' to 'int', possible loss of data
C:\Users\Bogdan Strohonov\Desktop\StrategyPrototype3\StraProtyp3\StraProtyp3\Common.h(135,11): warning C4244: 'initializing': conversion from 'float' to 'int', possible loss of data
C:\Users\Bogdan Strohonov\Desktop\StrategyPrototype3\StraProtyp3\StraProtyp3\Common.h(154,34): warning C4244: 'argument': conversion from 'float' to 'int', possible loss of data
C:\Users\Bogdan Strohonov\Desktop\StrategyPrototype3\StraProtyp3\StraProtyp3\Common.h(154,23): warning C4244: 'argument': conversion from 'float' to 'int', possible loss of data
C:\Users\Bogdan Strohonov\Desktop\StrategyPrototype3\StraProtyp3\StraProtyp3\Common.h(163,14): warning C4244: 'initializing': conversion from 'float' to 'int', possible loss of data
C:\Users\Bogdan Strohonov\Desktop\StrategyPrototype3\StraProtyp3\StraProtyp3\Common.h(164,14): warning C4244: 'initializing': conversion from 'float' to 'int', possible loss of data
C:\Users\Bogdan Strohonov\Desktop\StrategyPrototype3\StraProtyp3\StraProtyp3\Common.h(165,12): warning C4244: 'initializing': conversion from 'float' to 'int', possible loss of data
C:\Users\Bogdan Strohonov\Desktop\StrategyPrototype3\StraProtyp3\StraProtyp3\Common.h(166,12): warning C4244: 'initializing': conversion from 'float' to 'int', possible loss of data
C:\Users\Bogdan Strohonov\Desktop\StrategyPrototype3\StraProtyp3\StraProtyp3\GameObjectStorage.cpp(81,57): warning C4244: 'argument': conversion from 'float' to 'int', possible loss of data
C:\Users\Bogdan Strohonov\Desktop\StrategyPrototype3\StraProtyp3\StraProtyp3\GameObjectStorage.cpp(81,51): warning C4244: 'argument': conversion from 'float' to 'int', possible loss of data
C:\Users\Bogdan Strohonov\Desktop\StrategyPrototype3\StraProtyp3\StraProtyp3\GameObjectStorage.cpp(143,57): warning C4244: 'argument': conversion from 'float' to 'int', possible loss of data
C:\Users\Bogdan Strohonov\Desktop\StrategyPrototype3\StraProtyp3\StraProtyp3\GameObjectStorage.cpp(143,51): warning C4244: 'argument': conversion from 'float' to 'int', possible loss of data
C:\Users\Bogdan Strohonov\Desktop\StrategyPrototype3\StraProtyp3\StraProtyp3\GameObjectStorage.cpp(171,57): warning C4244: 'argument': conversion from 'float' to 'int', possible loss of data
C:\Users\Bogdan Strohonov\Desktop\StrategyPrototype3\StraProtyp3\StraProtyp3\GameObjectStorage.cpp(171,51): warning C4244: 'argument': conversion from 'float' to 'int', possible loss of data
C:\Program Files (x86)\Microsoft Visual Studio\2019\Enterprise\VC\Tools\MSVC\14.29.30037\include\tuple(644,76): warning C4244: '=': conversion from '_Ty' to '_Ty', possible loss of data
          with
          [
              _Ty=int
          ]
          and
          [
              _Ty=float
          ]
C:\Users\Bogdan Strohonov\Desktop\StrategyPrototype3\StraProtyp3\StraProtyp3\Common.h(143): message : see reference to function template instantiation 'std::tuple<float,float,float,float,float> &std::tuple<float,float,float,float,float>::operator =<int,int,int,int,float,0>(std::tuple<int,int,int,int,float> &&) noexcept' being compiled
C:\Users\Bogdan Strohonov\Desktop\StrategyPrototype3\StraProtyp3\StraProtyp3\Common.h(143): message : see reference to function template instantiation 'std::tuple<float,float,float,float,float> &std::tuple<float,float,float,float,float>::operator =<int,int,int,int,float,0>(std::tuple<int,int,int,int,float> &&) noexcept' being compiled
C:\Program Files (x86)\Microsoft Visual Studio\2019\Enterprise\VC\Tools\MSVC\14.29.30037\include\tuple(170,47): warning C4244: 'initializing': conversion from 'int' to '_Ty', possible loss of data
          with
          [
              _Ty=float
          ]
C:\Program Files (x86)\Microsoft Visual Studio\2019\Enterprise\VC\Tools\MSVC\14.29.30037\include\tuple(258): message : see reference to function template instantiation 'std::_Tuple_val<_This>::_Tuple_val<int&>(_Other)' being compiled
          with
          [
              _This=float,
              _Other=int &
          ]
C:\Program Files (x86)\Microsoft Visual Studio\2019\Enterprise\VC\Tools\MSVC\14.29.30037\include\tuple(258): message : see reference to function template instantiation 'std::_Tuple_val<_This>::_Tuple_val<int&>(_Other)' being compiled
          with
          [
              _This=float,
              _Other=int &
          ]
C:\Program Files (x86)\Microsoft Visual Studio\2019\Enterprise\VC\Tools\MSVC\14.29.30037\include\tuple(340): message : see reference to function template instantiation 'std::tuple<float,float>::tuple<std::_Exact_args_t,int&,int&,0>(_Tag,_This2,int &)' being compiled
          with
          [
              _Tag=std::_Exact_args_t,
              _This2=int &
          ]
C:\Program Files (x86)\Microsoft Visual Studio\2019\Enterprise\VC\Tools\MSVC\14.29.30037\include\tuple(340): message : see reference to function template instantiation 'std::tuple<float,float>::tuple<std::_Exact_args_t,int&,int&,0>(_Tag,_This2,int &)' being compiled
          with
          [
              _Tag=std::_Exact_args_t,
              _This2=int &
          ]
C:\Users\Bogdan Strohonov\Desktop\StrategyPrototype3\StraProtyp3\StraProtyp3\Common.h(170): message : see reference to function template instantiation 'std::tuple<float,float>::tuple<int&,int&,0>(_This2,int &) noexcept' being compiled
          with
          [
              _This2=int &
          ]
C:\Users\Bogdan Strohonov\Desktop\StrategyPrototype3\StraProtyp3\StraProtyp3\Common.h(170): message : see reference to function template instantiation 'std::tuple<float,float>::tuple<int&,int&,0>(_This2,int &) noexcept' being compiled
          with
          [
              _This2=int &
          ]
  IComponent.cpp
  IGameObject.cpp
  IGameObjectStorage.cpp
  JobSystem.cpp
  main.cpp
C:\Program Files (x86)\Windows Kits\10\Include\10.0.19041.0\shared\minwindef.h(130,1): warning C4005: 'APIENTRY': macro redefinition
C:\Users\Bogdan Strohonov\Desktop\StrategyPrototype3\StraProtyp3\StraProtyp3\common\include\GLFW\glfw3.h(123): message : see previous definition of 'APIENTRY'
C:\Users\Bogdan Strohonov\Desktop\StrategyPrototype3\StraProtyp3\StraProtyp3\Timer.h(30,25): warning C4244: 'return': conversion from '_Rep' to 'double', possible loss of data
          with
          [
              _Rep=__int64
          ]
C:\Users\Bogdan Strohonov\Desktop\StrategyPrototype3\StraProtyp3\StraProtyp3\Timer.h(45,25): warning C4244: 'return': conversion from '_Rep' to 'double', possible loss of data
          with
          [
              _Rep=__int64
          ]
C:\Users\Bogdan Strohonov\Desktop\StrategyPrototype3\StraProtyp3\StraProtyp3\Timer.h(60,16): warning C4244: 'return': conversion from '_Rep' to 'double', possible loss of data
          with
          [
              _Rep=__int64
          ]
C:\Users\Bogdan Strohonov\Desktop\StrategyPrototype3\StraProtyp3\StraProtyp3\GameObject2.h(100,61): warning C4129: '{': unrecognized character escape sequence
C:\Users\Bogdan Strohonov\Desktop\StrategyPrototype3\StraProtyp3\StraProtyp3\Common.h(96,60): warning C4244: 'argument': conversion from 'float' to 'int', possible loss of data
C:\Users\Bogdan Strohonov\Desktop\StrategyPrototype3\StraProtyp3\StraProtyp3\Common.h(96,48): warning C4244: 'argument': conversion from 'float' to 'int', possible loss of data
C:\Users\Bogdan Strohonov\Desktop\StrategyPrototype3\StraProtyp3\StraProtyp3\Common.h(96,34): warning C4244: 'argument': conversion from 'float' to 'int', possible loss of data
C:\Users\Bogdan Strohonov\Desktop\StrategyPrototype3\StraProtyp3\StraProtyp3\Common.h(96,20): warning C4244: 'argument': conversion from 'float' to 'int', possible loss of data
C:\Users\Bogdan Strohonov\Desktop\StrategyPrototype3\StraProtyp3\StraProtyp3\Common.h(103,10): warning C4244: 'initializing': conversion from 'float' to 'int', possible loss of data
C:\Users\Bogdan Strohonov\Desktop\StrategyPrototype3\StraProtyp3\StraProtyp3\Common.h(104,11): warning C4244: 'initializing': conversion from 'float' to 'int', possible loss of data
C:\Users\Bogdan Strohonov\Desktop\StrategyPrototype3\StraProtyp3\StraProtyp3\Common.h(105,10): warning C4244: 'initializing': conversion from 'float' to 'int', possible loss of data
C:\Users\Bogdan Strohonov\Desktop\StrategyPrototype3\StraProtyp3\StraProtyp3\Common.h(106,11): warning C4244: 'initializing': conversion from 'float' to 'int', possible loss of data
C:\Users\Bogdan Strohonov\Desktop\StrategyPrototype3\StraProtyp3\StraProtyp3\Common.h(108,10): warning C4244: 'initializing': conversion from 'float' to 'int', possible loss of data
C:\Users\Bogdan Strohonov\Desktop\StrategyPrototype3\StraProtyp3\StraProtyp3\Common.h(112,54): warning C4244: 'return': conversion from 'int' to 'float', possible loss of data
C:\Users\Bogdan Strohonov\Desktop\StrategyPrototype3\StraProtyp3\StraProtyp3\Common.h(115,1): warning C4305: 'return': truncation from 'int' to 'float'
C:\Users\Bogdan Strohonov\Desktop\StrategyPrototype3\StraProtyp3\StraProtyp3\Common.h(124,46): warning C4244: 'argument': conversion from 'float' to 'int', possible loss of data
C:\Users\Bogdan Strohonov\Desktop\StrategyPrototype3\StraProtyp3\StraProtyp3\Common.h(124,35): warning C4244: 'argument': conversion from 'float' to 'int', possible loss of data
C:\Users\Bogdan Strohonov\Desktop\StrategyPrototype3\StraProtyp3\StraProtyp3\Common.h(124,24): warning C4244: 'argument': conversion from 'float' to 'int', possible loss of data
C:\Users\Bogdan Strohonov\Desktop\StrategyPrototype3\StraProtyp3\StraProtyp3\Common.h(124,13): warning C4244: 'argument': conversion from 'float' to 'int', possible loss of data
C:\Users\Bogdan Strohonov\Desktop\StrategyPrototype3\StraProtyp3\StraProtyp3\Common.h(132,10): warning C4244: 'initializing': conversion from 'float' to 'int', possible loss of data
C:\Users\Bogdan Strohonov\Desktop\StrategyPrototype3\StraProtyp3\StraProtyp3\Common.h(133,11): warning C4244: 'initializing': conversion from 'float' to 'int', possible loss of data
C:\Users\Bogdan Strohonov\Desktop\StrategyPrototype3\StraProtyp3\StraProtyp3\Common.h(134,10): warning C4244: 'initializing': conversion from 'float' to 'int', possible loss of data
C:\Users\Bogdan Strohonov\Desktop\StrategyPrototype3\StraProtyp3\StraProtyp3\Common.h(135,11): warning C4244: 'initializing': conversion from 'float' to 'int', possible loss of data
C:\Users\Bogdan Strohonov\Desktop\StrategyPrototype3\StraProtyp3\StraProtyp3\Common.h(154,34): warning C4244: 'argument': conversion from 'float' to 'int', possible loss of data
C:\Users\Bogdan Strohonov\Desktop\StrategyPrototype3\StraProtyp3\StraProtyp3\Common.h(154,23): warning C4244: 'argument': conversion from 'float' to 'int', possible loss of data
C:\Users\Bogdan Strohonov\Desktop\StrategyPrototype3\StraProtyp3\StraProtyp3\Common.h(163,14): warning C4244: 'initializing': conversion from 'float' to 'int', possible loss of data
C:\Users\Bogdan Strohonov\Desktop\StrategyPrototype3\StraProtyp3\StraProtyp3\Common.h(164,14): warning C4244: 'initializing': conversion from 'float' to 'int', possible loss of data
C:\Users\Bogdan Strohonov\Desktop\StrategyPrototype3\StraProtyp3\StraProtyp3\Common.h(165,12): warning C4244: 'initializing': conversion from 'float' to 'int', possible loss of data
C:\Users\Bogdan Strohonov\Desktop\StrategyPrototype3\StraProtyp3\StraProtyp3\Common.h(166,12): warning C4244: 'initializing': conversion from 'float' to 'int', possible loss of data
C:\Users\Bogdan Strohonov\Desktop\StrategyPrototype3\StraProtyp3\StraProtyp3\main.h(112,31): warning C4099: 'AppStateWorldMap': type name first seen using 'struct' now seen using 'class'
C:\Users\Bogdan Strohonov\Desktop\StrategyPrototype3\StraProtyp3\StraProtyp3\main.h(100): message : see declaration of 'AppStateWorldMap'
C:\Users\Bogdan Strohonov\Desktop\StrategyPrototype3\StraProtyp3\StraProtyp3\main.h(113,31): warning C4099: 'AppStateCityView': type name first seen using 'struct' now seen using 'class'
C:\Users\Bogdan Strohonov\Desktop\StrategyPrototype3\StraProtyp3\StraProtyp3\main.h(101): message : see declaration of 'AppStateCityView'
C:\Users\Bogdan Strohonov\Desktop\StrategyPrototype3\StraProtyp3\StraProtyp3\main.cpp(202,86): warning C4244: 'argument': conversion from 'int' to 'float', possible loss of data
C:\Users\Bogdan Strohonov\Desktop\StrategyPrototype3\StraProtyp3\StraProtyp3\main.cpp(202,83): warning C4244: 'argument': conversion from 'int' to 'float', possible loss of data
C:\Users\Bogdan Strohonov\Desktop\StrategyPrototype3\StraProtyp3\StraProtyp3\main.cpp(206,88): warning C4244: 'argument': conversion from 'int' to 'float', possible loss of data
C:\Users\Bogdan Strohonov\Desktop\StrategyPrototype3\StraProtyp3\StraProtyp3\main.cpp(206,85): warning C4244: 'argument': conversion from 'int' to 'float', possible loss of data
C:\Users\Bogdan Strohonov\Desktop\StrategyPrototype3\StraProtyp3\StraProtyp3\main.cpp(210,91): warning C4244: 'argument': conversion from 'int' to 'float', possible loss of data
C:\Users\Bogdan Strohonov\Desktop\StrategyPrototype3\StraProtyp3\StraProtyp3\main.cpp(210,88): warning C4244: 'argument': conversion from 'int' to 'float', possible loss of data
C:\Users\Bogdan Strohonov\Desktop\StrategyPrototype3\StraProtyp3\StraProtyp3\main.cpp(214,90): warning C4244: 'argument': conversion from 'int' to 'float', possible loss of data
C:\Users\Bogdan Strohonov\Desktop\StrategyPrototype3\StraProtyp3\StraProtyp3\main.cpp(214,87): warning C4244: 'argument': conversion from 'int' to 'float', possible loss of data
C:\Users\Bogdan Strohonov\Desktop\StrategyPrototype3\StraProtyp3\StraProtyp3\main.cpp(218,88): warning C4244: 'argument': conversion from 'int' to 'float', possible loss of data
C:\Users\Bogdan Strohonov\Desktop\StrategyPrototype3\StraProtyp3\StraProtyp3\main.cpp(218,85): warning C4244: 'argument': conversion from 'int' to 'float', possible loss of data
C:\Users\Bogdan Strohonov\Desktop\StrategyPrototype3\StraProtyp3\StraProtyp3\main.cpp(449,35): warning C4244: 'argument': conversion from 'float' to 'const unsigned __int64', possible loss of data
C:\Users\Bogdan Strohonov\Desktop\StrategyPrototype3\StraProtyp3\StraProtyp3\main.cpp(449,43): warning C4244: 'argument': conversion from 'float' to 'const unsigned __int64', possible loss of data
C:\Users\Bogdan Strohonov\Desktop\StrategyPrototype3\StraProtyp3\StraProtyp3\AVLTree.h(238,55): warning C4267: 'return': conversion from 'size_t' to 'int', possible loss of data
C:\Users\Bogdan Strohonov\Desktop\StrategyPrototype3\StraProtyp3\StraProtyp3\AVLTree.h(238): message : while compiling class template member function 'int AVLTree2<std::shared_ptr<olc::Decal>>::max(size_t,size_t)'
C:\Users\Bogdan Strohonov\Desktop\StrategyPrototype3\StraProtyp3\StraProtyp3\AVLTree.h(365): message : see reference to function template instantiation 'int AVLTree2<std::shared_ptr<olc::Decal>>::max(size_t,size_t)' being compiled
C:\Users\Bogdan Strohonov\Desktop\StrategyPrototype3\StraProtyp3\StraProtyp3\main.h(192): message : see reference to class template instantiation 'AVLTree2<std::shared_ptr<olc::Decal>>' being compiled
C:\Users\Bogdan Strohonov\Desktop\StrategyPrototype3\StraProtyp3\StraProtyp3\AVLTree.h(237,55): warning C4267: 'return': conversion from 'size_t' to 'int', possible loss of data
C:\Users\Bogdan Strohonov\Desktop\StrategyPrototype3\StraProtyp3\StraProtyp3\AVLTree.h(237): message : while compiling class template member function 'int AVLTree2<std::shared_ptr<olc::Decal>>::min(size_t,size_t)'
C:\Users\Bogdan Strohonov\Desktop\StrategyPrototype3\StraProtyp3\StraProtyp3\AVLTree.h(364): message : see reference to function template instantiation 'int AVLTree2<std::shared_ptr<olc::Decal>>::min(size_t,size_t)' being compiled
C:\Program Files (x86)\Microsoft Visual Studio\2019\Enterprise\VC\Tools\MSVC\14.29.30037\include\tuple(644,76): warning C4244: '=': conversion from '_Ty' to '_Ty', possible loss of data
          with
          [
              _Ty=int
          ]
          and
          [
              _Ty=float
          ]
C:\Users\Bogdan Strohonov\Desktop\StrategyPrototype3\StraProtyp3\StraProtyp3\Common.h(143): message : see reference to function template instantiation 'std::tuple<float,float,float,float,float> &std::tuple<float,float,float,float,float>::operator =<int,int,int,int,float,0>(std::tuple<int,int,int,int,float> &&) noexcept' being compiled
C:\Users\Bogdan Strohonov\Desktop\StrategyPrototype3\StraProtyp3\StraProtyp3\Common.h(143): message : see reference to function template instantiation 'std::tuple<float,float,float,float,float> &std::tuple<float,float,float,float,float>::operator =<int,int,int,int,float,0>(std::tuple<int,int,int,int,float> &&) noexcept' being compiled
C:\Program Files (x86)\Microsoft Visual Studio\2019\Enterprise\VC\Tools\MSVC\14.29.30037\include\tuple(170,47): warning C4244: 'initializing': conversion from 'int' to '_Ty', possible loss of data
          with
          [
              _Ty=float
          ]
C:\Program Files (x86)\Microsoft Visual Studio\2019\Enterprise\VC\Tools\MSVC\14.29.30037\include\tuple(258): message : see reference to function template instantiation 'std::_Tuple_val<_This>::_Tuple_val<int&>(_Other)' being compiled
          with
          [
              _This=float,
              _Other=int &
          ]
C:\Program Files (x86)\Microsoft Visual Studio\2019\Enterprise\VC\Tools\MSVC\14.29.30037\include\tuple(258): message : see reference to function template instantiation 'std::_Tuple_val<_This>::_Tuple_val<int&>(_Other)' being compiled
          with
          [
              _This=float,
              _Other=int &
          ]
C:\Program Files (x86)\Microsoft Visual Studio\2019\Enterprise\VC\Tools\MSVC\14.29.30037\include\tuple(340): message : see reference to function template instantiation 'std::tuple<float,float>::tuple<std::_Exact_args_t,int&,int&,0>(_Tag,_This2,int &)' being compiled
          with
          [
              _Tag=std::_Exact_args_t,
              _This2=int &
          ]
C:\Program Files (x86)\Microsoft Visual Studio\2019\Enterprise\VC\Tools\MSVC\14.29.30037\include\tuple(340): message : see reference to function template instantiation 'std::tuple<float,float>::tuple<std::_Exact_args_t,int&,int&,0>(_Tag,_This2,int &)' being compiled
          with
          [
              _Tag=std::_Exact_args_t,
              _This2=int &
          ]
C:\Users\Bogdan Strohonov\Desktop\StrategyPrototype3\StraProtyp3\StraProtyp3\Common.h(170): message : see reference to function template instantiation 'std::tuple<float,float>::tuple<int&,int&,0>(_This2,int &) noexcept' being compiled
          with
          [
              _This2=int &
          ]
C:\Users\Bogdan Strohonov\Desktop\StrategyPrototype3\StraProtyp3\StraProtyp3\Common.h(170): message : see reference to function template instantiation 'std::tuple<float,float>::tuple<int&,int&,0>(_This2,int &) noexcept' being compiled
          with
          [
              _This2=int &
          ]
  MaptileComponent.cpp
C:\Users\Bogdan Strohonov\Desktop\StrategyPrototype3\StraProtyp3\StraProtyp3\GameObject2.h(100,61): warning C4129: '{': unrecognized character escape sequence
C:\Users\Bogdan Strohonov\Desktop\StrategyPrototype3\StraProtyp3\StraProtyp3\Common.h(96,60): warning C4244: 'argument': conversion from 'float' to 'int', possible loss of data
C:\Users\Bogdan Strohonov\Desktop\StrategyPrototype3\StraProtyp3\StraProtyp3\Common.h(96,48): warning C4244: 'argument': conversion from 'float' to 'int', possible loss of data
C:\Users\Bogdan Strohonov\Desktop\StrategyPrototype3\StraProtyp3\StraProtyp3\Common.h(96,34): warning C4244: 'argument': conversion from 'float' to 'int', possible loss of data
C:\Users\Bogdan Strohonov\Desktop\StrategyPrototype3\StraProtyp3\StraProtyp3\Common.h(96,20): warning C4244: 'argument': conversion from 'float' to 'int', possible loss of data
C:\Users\Bogdan Strohonov\Desktop\StrategyPrototype3\StraProtyp3\StraProtyp3\Common.h(103,10): warning C4244: 'initializing': conversion from 'float' to 'int', possible loss of data
C:\Users\Bogdan Strohonov\Desktop\StrategyPrototype3\StraProtyp3\StraProtyp3\Common.h(104,11): warning C4244: 'initializing': conversion from 'float' to 'int', possible loss of data
C:\Users\Bogdan Strohonov\Desktop\StrategyPrototype3\StraProtyp3\StraProtyp3\Common.h(105,10): warning C4244: 'initializing': conversion from 'float' to 'int', possible loss of data
C:\Users\Bogdan Strohonov\Desktop\StrategyPrototype3\StraProtyp3\StraProtyp3\Common.h(106,11): warning C4244: 'initializing': conversion from 'float' to 'int', possible loss of data
C:\Users\Bogdan Strohonov\Desktop\StrategyPrototype3\StraProtyp3\StraProtyp3\Common.h(108,10): warning C4244: 'initializing': conversion from 'float' to 'int', possible loss of data
C:\Users\Bogdan Strohonov\Desktop\StrategyPrototype3\StraProtyp3\StraProtyp3\Common.h(112,54): warning C4244: 'return': conversion from 'int' to 'float', possible loss of data
C:\Users\Bogdan Strohonov\Desktop\StrategyPrototype3\StraProtyp3\StraProtyp3\Common.h(115,1): warning C4305: 'return': truncation from 'int' to 'float'
C:\Users\Bogdan Strohonov\Desktop\StrategyPrototype3\StraProtyp3\StraProtyp3\Common.h(124,46): warning C4244: 'argument': conversion from 'float' to 'int', possible loss of data
C:\Users\Bogdan Strohonov\Desktop\StrategyPrototype3\StraProtyp3\StraProtyp3\Common.h(124,35): warning C4244: 'argument': conversion from 'float' to 'int', possible loss of data
C:\Users\Bogdan Strohonov\Desktop\StrategyPrototype3\StraProtyp3\StraProtyp3\Common.h(124,24): warning C4244: 'argument': conversion from 'float' to 'int', possible loss of data
C:\Users\Bogdan Strohonov\Desktop\StrategyPrototype3\StraProtyp3\StraProtyp3\Common.h(124,13): warning C4244: 'argument': conversion from 'float' to 'int', possible loss of data
C:\Users\Bogdan Strohonov\Desktop\StrategyPrototype3\StraProtyp3\StraProtyp3\Common.h(132,10): warning C4244: 'initializing': conversion from 'float' to 'int', possible loss of data
C:\Users\Bogdan Strohonov\Desktop\StrategyPrototype3\StraProtyp3\StraProtyp3\Common.h(133,11): warning C4244: 'initializing': conversion from 'float' to 'int', possible loss of data
C:\Users\Bogdan Strohonov\Desktop\StrategyPrototype3\StraProtyp3\StraProtyp3\Common.h(134,10): warning C4244: 'initializing': conversion from 'float' to 'int', possible loss of data
C:\Users\Bogdan Strohonov\Desktop\StrategyPrototype3\StraProtyp3\StraProtyp3\Common.h(135,11): warning C4244: 'initializing': conversion from 'float' to 'int', possible loss of data
C:\Users\Bogdan Strohonov\Desktop\StrategyPrototype3\StraProtyp3\StraProtyp3\Common.h(154,34): warning C4244: 'argument': conversion from 'float' to 'int', possible loss of data
C:\Users\Bogdan Strohonov\Desktop\StrategyPrototype3\StraProtyp3\StraProtyp3\Common.h(154,23): warning C4244: 'argument': conversion from 'float' to 'int', possible loss of data
C:\Users\Bogdan Strohonov\Desktop\StrategyPrototype3\StraProtyp3\StraProtyp3\Common.h(163,14): warning C4244: 'initializing': conversion from 'float' to 'int', possible loss of data
C:\Users\Bogdan Strohonov\Desktop\StrategyPrototype3\StraProtyp3\StraProtyp3\Common.h(164,14): warning C4244: 'initializing': conversion from 'float' to 'int', possible loss of data
C:\Users\Bogdan Strohonov\Desktop\StrategyPrototype3\StraProtyp3\StraProtyp3\Common.h(165,12): warning C4244: 'initializing': conversion from 'float' to 'int', possible loss of data
C:\Users\Bogdan Strohonov\Desktop\StrategyPrototype3\StraProtyp3\StraProtyp3\Common.h(166,12): warning C4244: 'initializing': conversion from 'float' to 'int', possible loss of data
C:\Program Files (x86)\Microsoft Visual Studio\2019\Enterprise\VC\Tools\MSVC\14.29.30037\include\tuple(644,76): warning C4244: '=': conversion from '_Ty' to '_Ty', possible loss of data
          with
          [
              _Ty=int
          ]
          and
          [
              _Ty=float
          ]
C:\Users\Bogdan Strohonov\Desktop\StrategyPrototype3\StraProtyp3\StraProtyp3\Common.h(143): message : see reference to function template instantiation 'std::tuple<float,float,float,float,float> &std::tuple<float,float,float,float,float>::operator =<int,int,int,int,float,0>(std::tuple<int,int,int,int,float> &&) noexcept' being compiled
C:\Users\Bogdan Strohonov\Desktop\StrategyPrototype3\StraProtyp3\StraProtyp3\Common.h(143): message : see reference to function template instantiation 'std::tuple<float,float,float,float,float> &std::tuple<float,float,float,float,float>::operator =<int,int,int,int,float,0>(std::tuple<int,int,int,int,float> &&) noexcept' being compiled
C:\Program Files (x86)\Microsoft Visual Studio\2019\Enterprise\VC\Tools\MSVC\14.29.30037\include\tuple(170,47): warning C4244: 'initializing': conversion from 'int' to '_Ty', possible loss of data
          with
          [
              _Ty=float
          ]
C:\Program Files (x86)\Microsoft Visual Studio\2019\Enterprise\VC\Tools\MSVC\14.29.30037\include\tuple(258): message : see reference to function template instantiation 'std::_Tuple_val<_This>::_Tuple_val<int&>(_Other)' being compiled
          with
          [
              _This=float,
              _Other=int &
          ]
C:\Program Files (x86)\Microsoft Visual Studio\2019\Enterprise\VC\Tools\MSVC\14.29.30037\include\tuple(258): message : see reference to function template instantiation 'std::_Tuple_val<_This>::_Tuple_val<int&>(_Other)' being compiled
          with
          [
              _This=float,
              _Other=int &
          ]
C:\Program Files (x86)\Microsoft Visual Studio\2019\Enterprise\VC\Tools\MSVC\14.29.30037\include\tuple(340): message : see reference to function template instantiation 'std::tuple<float,float>::tuple<std::_Exact_args_t,int&,int&,0>(_Tag,_This2,int &)' being compiled
          with
          [
              _Tag=std::_Exact_args_t,
              _This2=int &
          ]
C:\Program Files (x86)\Microsoft Visual Studio\2019\Enterprise\VC\Tools\MSVC\14.29.30037\include\tuple(340): message : see reference to function template instantiation 'std::tuple<float,float>::tuple<std::_Exact_args_t,int&,int&,0>(_Tag,_This2,int &)' being compiled
          with
          [
              _Tag=std::_Exact_args_t,
              _This2=int &
          ]
C:\Users\Bogdan Strohonov\Desktop\StrategyPrototype3\StraProtyp3\StraProtyp3\Common.h(170): message : see reference to function template instantiation 'std::tuple<float,float>::tuple<int&,int&,0>(_This2,int &) noexcept' being compiled
          with
          [
              _This2=int &
          ]
C:\Users\Bogdan Strohonov\Desktop\StrategyPrototype3\StraProtyp3\StraProtyp3\Common.h(170): message : see reference to function template instantiation 'std::tuple<float,float>::tuple<int&,int&,0>(_This2,int &) noexcept' being compiled
          with
          [
              _This2=int &
          ]
  NavigatorComponent.cpp
C:\Users\Bogdan Strohonov\Desktop\StrategyPrototype3\StraProtyp3\StraProtyp3\GameObject2.h(100,61): warning C4129: '{': unrecognized character escape sequence
C:\Users\Bogdan Strohonov\Desktop\StrategyPrototype3\StraProtyp3\StraProtyp3\Common.h(96,60): warning C4244: 'argument': conversion from 'float' to 'int', possible loss of data
C:\Users\Bogdan Strohonov\Desktop\StrategyPrototype3\StraProtyp3\StraProtyp3\Common.h(96,48): warning C4244: 'argument': conversion from 'float' to 'int', possible loss of data
C:\Users\Bogdan Strohonov\Desktop\StrategyPrototype3\StraProtyp3\StraProtyp3\Common.h(96,34): warning C4244: 'argument': conversion from 'float' to 'int', possible loss of data
C:\Users\Bogdan Strohonov\Desktop\StrategyPrototype3\StraProtyp3\StraProtyp3\Common.h(96,20): warning C4244: 'argument': conversion from 'float' to 'int', possible loss of data
C:\Users\Bogdan Strohonov\Desktop\StrategyPrototype3\StraProtyp3\StraProtyp3\Common.h(103,10): warning C4244: 'initializing': conversion from 'float' to 'int', possible loss of data
C:\Users\Bogdan Strohonov\Desktop\StrategyPrototype3\StraProtyp3\StraProtyp3\Common.h(104,11): warning C4244: 'initializing': conversion from 'float' to 'int', possible loss of data
C:\Users\Bogdan Strohonov\Desktop\StrategyPrototype3\StraProtyp3\StraProtyp3\Common.h(105,10): warning C4244: 'initializing': conversion from 'float' to 'int', possible loss of data
C:\Users\Bogdan Strohonov\Desktop\StrategyPrototype3\StraProtyp3\StraProtyp3\Common.h(106,11): warning C4244: 'initializing': conversion from 'float' to 'int', possible loss of data
C:\Users\Bogdan Strohonov\Desktop\StrategyPrototype3\StraProtyp3\StraProtyp3\Common.h(108,10): warning C4244: 'initializing': conversion from 'float' to 'int', possible loss of data
C:\Users\Bogdan Strohonov\Desktop\StrategyPrototype3\StraProtyp3\StraProtyp3\Common.h(112,54): warning C4244: 'return': conversion from 'int' to 'float', possible loss of data
C:\Users\Bogdan Strohonov\Desktop\StrategyPrototype3\StraProtyp3\StraProtyp3\Common.h(115,1): warning C4305: 'return': truncation from 'int' to 'float'
C:\Users\Bogdan Strohonov\Desktop\StrategyPrototype3\StraProtyp3\StraProtyp3\Common.h(124,46): warning C4244: 'argument': conversion from 'float' to 'int', possible loss of data
C:\Users\Bogdan Strohonov\Desktop\StrategyPrototype3\StraProtyp3\StraProtyp3\Common.h(124,35): warning C4244: 'argument': conversion from 'float' to 'int', possible loss of data
C:\Users\Bogdan Strohonov\Desktop\StrategyPrototype3\StraProtyp3\StraProtyp3\Common.h(124,24): warning C4244: 'argument': conversion from 'float' to 'int', possible loss of data
C:\Users\Bogdan Strohonov\Desktop\StrategyPrototype3\StraProtyp3\StraProtyp3\Common.h(124,13): warning C4244: 'argument': conversion from 'float' to 'int', possible loss of data
C:\Users\Bogdan Strohonov\Desktop\StrategyPrototype3\StraProtyp3\StraProtyp3\Common.h(132,10): warning C4244: 'initializing': conversion from 'float' to 'int', possible loss of data
C:\Users\Bogdan Strohonov\Desktop\StrategyPrototype3\StraProtyp3\StraProtyp3\Common.h(133,11): warning C4244: 'initializing': conversion from 'float' to 'int', possible loss of data
C:\Users\Bogdan Strohonov\Desktop\StrategyPrototype3\StraProtyp3\StraProtyp3\Common.h(134,10): warning C4244: 'initializing': conversion from 'float' to 'int', possible loss of data
C:\Users\Bogdan Strohonov\Desktop\StrategyPrototype3\StraProtyp3\StraProtyp3\Common.h(135,11): warning C4244: 'initializing': conversion from 'float' to 'int', possible loss of data
C:\Users\Bogdan Strohonov\Desktop\StrategyPrototype3\StraProtyp3\StraProtyp3\Common.h(154,34): warning C4244: 'argument': conversion from 'float' to 'int', possible loss of data
C:\Users\Bogdan Strohonov\Desktop\StrategyPrototype3\StraProtyp3\StraProtyp3\Common.h(154,23): warning C4244: 'argument': conversion from 'float' to 'int', possible loss of data
C:\Users\Bogdan Strohonov\Desktop\StrategyPrototype3\StraProtyp3\StraProtyp3\Common.h(163,14): warning C4244: 'initializing': conversion from 'float' to 'int', possible loss of data
C:\Users\Bogdan Strohonov\Desktop\StrategyPrototype3\StraProtyp3\StraProtyp3\Common.h(164,14): warning C4244: 'initializing': conversion from 'float' to 'int', possible loss of data
C:\Users\Bogdan Strohonov\Desktop\StrategyPrototype3\StraProtyp3\StraProtyp3\Common.h(165,12): warning C4244: 'initializing': conversion from 'float' to 'int', possible loss of data
C:\Users\Bogdan Strohonov\Desktop\StrategyPrototype3\StraProtyp3\StraProtyp3\Common.h(166,12): warning C4244: 'initializing': conversion from 'float' to 'int', possible loss of data
C:\Users\Bogdan Strohonov\Desktop\StrategyPrototype3\StraProtyp3\StraProtyp3\NavigatorComponent.cpp(271,3): warning C4267: 'initializing': conversion from 'size_t' to 'int', possible loss of data
C:\Program Files (x86)\Microsoft Visual Studio\2019\Enterprise\VC\Tools\MSVC\14.29.30037\include\tuple(644,76): warning C4244: '=': conversion from '_Ty' to '_Ty', possible loss of data
          with
          [
              _Ty=int
          ]
          and
          [
              _Ty=float
          ]
C:\Users\Bogdan Strohonov\Desktop\StrategyPrototype3\StraProtyp3\StraProtyp3\Common.h(143): message : see reference to function template instantiation 'std::tuple<float,float,float,float,float> &std::tuple<float,float,float,float,float>::operator =<int,int,int,int,float,0>(std::tuple<int,int,int,int,float> &&) noexcept' being compiled
C:\Users\Bogdan Strohonov\Desktop\StrategyPrototype3\StraProtyp3\StraProtyp3\Common.h(143): message : see reference to function template instantiation 'std::tuple<float,float,float,float,float> &std::tuple<float,float,float,float,float>::operator =<int,int,int,int,float,0>(std::tuple<int,int,int,int,float> &&) noexcept' being compiled
C:\Program Files (x86)\Microsoft Visual Studio\2019\Enterprise\VC\Tools\MSVC\14.29.30037\include\tuple(170,47): warning C4244: 'initializing': conversion from 'int' to '_Ty', possible loss of data
          with
          [
              _Ty=float
          ]
C:\Program Files (x86)\Microsoft Visual Studio\2019\Enterprise\VC\Tools\MSVC\14.29.30037\include\tuple(258): message : see reference to function template instantiation 'std::_Tuple_val<_This>::_Tuple_val<int&>(_Other)' being compiled
          with
          [
              _This=float,
              _Other=int &
          ]
C:\Program Files (x86)\Microsoft Visual Studio\2019\Enterprise\VC\Tools\MSVC\14.29.30037\include\tuple(258): message : see reference to function template instantiation 'std::_Tuple_val<_This>::_Tuple_val<int&>(_Other)' being compiled
          with
          [
              _This=float,
              _Other=int &
          ]
C:\Program Files (x86)\Microsoft Visual Studio\2019\Enterprise\VC\Tools\MSVC\14.29.30037\include\tuple(340): message : see reference to function template instantiation 'std::tuple<float,float>::tuple<std::_Exact_args_t,int&,int&,0>(_Tag,_This2,int &)' being compiled
          with
          [
              _Tag=std::_Exact_args_t,
              _This2=int &
          ]
C:\Program Files (x86)\Microsoft Visual Studio\2019\Enterprise\VC\Tools\MSVC\14.29.30037\include\tuple(340): message : see reference to function template instantiation 'std::tuple<float,float>::tuple<std::_Exact_args_t,int&,int&,0>(_Tag,_This2,int &)' being compiled
          with
          [
              _Tag=std::_Exact_args_t,
              _This2=int &
          ]
C:\Users\Bogdan Strohonov\Desktop\StrategyPrototype3\StraProtyp3\StraProtyp3\Common.h(170): message : see reference to function template instantiation 'std::tuple<float,float>::tuple<int&,int&,0>(_This2,int &) noexcept' being compiled
          with
          [
              _This2=int &
          ]
C:\Users\Bogdan Strohonov\Desktop\StrategyPrototype3\StraProtyp3\StraProtyp3\Common.h(170): message : see reference to function template instantiation 'std::tuple<float,float>::tuple<int&,int&,0>(_This2,int &) noexcept' being compiled
          with
          [
              _This2=int &
          ]
C:\Program Files (x86)\Microsoft Visual Studio\2019\Enterprise\VC\Tools\MSVC\14.29.30037\include\tuple(170,47): warning C4244: 'initializing': conversion from '_Ty' to '_Ty', possible loss of data
          with
          [
              _Ty=int
          ]
          and
          [
              _Ty=float
          ]
C:\Program Files (x86)\Microsoft Visual Studio\2019\Enterprise\VC\Tools\MSVC\14.29.30037\include\tuple(258): message : see reference to function template instantiation 'std::_Tuple_val<_This>::_Tuple_val<_Ty>(_Other &&)' being compiled
          with
          [
              _This=float,
              _Ty=int,
              _Other=int
          ]
C:\Program Files (x86)\Microsoft Visual Studio\2019\Enterprise\VC\Tools\MSVC\14.29.30037\include\tuple(258): message : see reference to function template instantiation 'std::_Tuple_val<_This>::_Tuple_val<_Ty>(_Other &&)' being compiled
          with
          [
              _This=float,
              _Ty=int,
              _Other=int
          ]
C:\Program Files (x86)\Microsoft Visual Studio\2019\Enterprise\VC\Tools\MSVC\14.29.30037\include\tuple(340): message : see reference to function template instantiation 'std::tuple<float,float>::tuple<std::_Exact_args_t,_Ty,_Ty,0>(_Tag,_This2 &&,_Ty &&)' being compiled
          with
          [
              _Ty=int,
              _Tag=std::_Exact_args_t,
              _This2=int
          ]
C:\Program Files (x86)\Microsoft Visual Studio\2019\Enterprise\VC\Tools\MSVC\14.29.30037\include\tuple(340): message : see reference to function template instantiation 'std::tuple<float,float>::tuple<std::_Exact_args_t,_Ty,_Ty,0>(_Tag,_This2 &&,_Ty &&)' being compiled
          with
          [
              _Ty=int,
              _Tag=std::_Exact_args_t,
              _This2=int
          ]
C:\Users\Bogdan Strohonov\Desktop\StrategyPrototype3\StraProtyp3\StraProtyp3\NavigatorComponent.cpp(321): message : see reference to function template instantiation 'std::tuple<float,float>::tuple<int,int,0>(_This2 &&,int &&) noexcept' being compiled
          with
          [
              _This2=int
          ]
C:\Users\Bogdan Strohonov\Desktop\StrategyPrototype3\StraProtyp3\StraProtyp3\NavigatorComponent.cpp(321): message : see reference to function template instantiation 'std::tuple<float,float>::tuple<int,int,0>(_This2 &&,int &&) noexcept' being compiled
          with
          [
              _This2=int
          ]
  NavMesh.cpp
C:\Users\Bogdan Strohonov\Desktop\StrategyPrototype3\StraProtyp3\StraProtyp3\GameObject2.h(100,61): warning C4129: '{': unrecognized character escape sequence
C:\Users\Bogdan Strohonov\Desktop\StrategyPrototype3\StraProtyp3\StraProtyp3\Common.h(96,60): warning C4244: 'argument': conversion from 'float' to 'int', possible loss of data
C:\Users\Bogdan Strohonov\Desktop\StrategyPrototype3\StraProtyp3\StraProtyp3\Common.h(96,48): warning C4244: 'argument': conversion from 'float' to 'int', possible loss of data
C:\Users\Bogdan Strohonov\Desktop\StrategyPrototype3\StraProtyp3\StraProtyp3\Common.h(96,34): warning C4244: 'argument': conversion from 'float' to 'int', possible loss of data
C:\Users\Bogdan Strohonov\Desktop\StrategyPrototype3\StraProtyp3\StraProtyp3\Common.h(96,20): warning C4244: 'argument': conversion from 'float' to 'int', possible loss of data
C:\Users\Bogdan Strohonov\Desktop\StrategyPrototype3\StraProtyp3\StraProtyp3\Common.h(103,10): warning C4244: 'initializing': conversion from 'float' to 'int', possible loss of data
C:\Users\Bogdan Strohonov\Desktop\StrategyPrototype3\StraProtyp3\StraProtyp3\Common.h(104,11): warning C4244: 'initializing': conversion from 'float' to 'int', possible loss of data
C:\Users\Bogdan Strohonov\Desktop\StrategyPrototype3\StraProtyp3\StraProtyp3\Common.h(105,10): warning C4244: 'initializing': conversion from 'float' to 'int', possible loss of data
C:\Users\Bogdan Strohonov\Desktop\StrategyPrototype3\StraProtyp3\StraProtyp3\Common.h(106,11): warning C4244: 'initializing': conversion from 'float' to 'int', possible loss of data
C:\Users\Bogdan Strohonov\Desktop\StrategyPrototype3\StraProtyp3\StraProtyp3\Common.h(108,10): warning C4244: 'initializing': conversion from 'float' to 'int', possible loss of data
C:\Users\Bogdan Strohonov\Desktop\StrategyPrototype3\StraProtyp3\StraProtyp3\Common.h(112,54): warning C4244: 'return': conversion from 'int' to 'float', possible loss of data
C:\Users\Bogdan Strohonov\Desktop\StrategyPrototype3\StraProtyp3\StraProtyp3\Common.h(115,1): warning C4305: 'return': truncation from 'int' to 'float'
C:\Users\Bogdan Strohonov\Desktop\StrategyPrototype3\StraProtyp3\StraProtyp3\Common.h(124,46): warning C4244: 'argument': conversion from 'float' to 'int', possible loss of data
C:\Users\Bogdan Strohonov\Desktop\StrategyPrototype3\StraProtyp3\StraProtyp3\Common.h(124,35): warning C4244: 'argument': conversion from 'float' to 'int', possible loss of data
C:\Users\Bogdan Strohonov\Desktop\StrategyPrototype3\StraProtyp3\StraProtyp3\Common.h(124,24): warning C4244: 'argument': conversion from 'float' to 'int', possible loss of data
C:\Users\Bogdan Strohonov\Desktop\StrategyPrototype3\StraProtyp3\StraProtyp3\Common.h(124,13): warning C4244: 'argument': conversion from 'float' to 'int', possible loss of data
C:\Users\Bogdan Strohonov\Desktop\StrategyPrototype3\StraProtyp3\StraProtyp3\Common.h(132,10): warning C4244: 'initializing': conversion from 'float' to 'int', possible loss of data
C:\Users\Bogdan Strohonov\Desktop\StrategyPrototype3\StraProtyp3\StraProtyp3\Common.h(133,11): warning C4244: 'initializing': conversion from 'float' to 'int', possible loss of data
C:\Users\Bogdan Strohonov\Desktop\StrategyPrototype3\StraProtyp3\StraProtyp3\Common.h(134,10): warning C4244: 'initializing': conversion from 'float' to 'int', possible loss of data
C:\Users\Bogdan Strohonov\Desktop\StrategyPrototype3\StraProtyp3\StraProtyp3\Common.h(135,11): warning C4244: 'initializing': conversion from 'float' to 'int', possible loss of data
C:\Users\Bogdan Strohonov\Desktop\StrategyPrototype3\StraProtyp3\StraProtyp3\Common.h(154,34): warning C4244: 'argument': conversion from 'float' to 'int', possible loss of data
C:\Users\Bogdan Strohonov\Desktop\StrategyPrototype3\StraProtyp3\StraProtyp3\Common.h(154,23): warning C4244: 'argument': conversion from 'float' to 'int', possible loss of data
C:\Users\Bogdan Strohonov\Desktop\StrategyPrototype3\StraProtyp3\StraProtyp3\Common.h(163,14): warning C4244: 'initializing': conversion from 'float' to 'int', possible loss of data
C:\Users\Bogdan Strohonov\Desktop\StrategyPrototype3\StraProtyp3\StraProtyp3\Common.h(164,14): warning C4244: 'initializing': conversion from 'float' to 'int', possible loss of data
C:\Users\Bogdan Strohonov\Desktop\StrategyPrototype3\StraProtyp3\StraProtyp3\Common.h(165,12): warning C4244: 'initializing': conversion from 'float' to 'int', possible loss of data
C:\Users\Bogdan Strohonov\Desktop\StrategyPrototype3\StraProtyp3\StraProtyp3\Common.h(166,12): warning C4244: 'initializing': conversion from 'float' to 'int', possible loss of data
C:\Users\Bogdan Strohonov\Desktop\StrategyPrototype3\StraProtyp3\StraProtyp3\NavMesh.cpp(30,17): warning C4244: '=': conversion from 'float' to 'int', possible loss of data
C:\Users\Bogdan Strohonov\Desktop\StrategyPrototype3\StraProtyp3\StraProtyp3\NavMesh.cpp(31,17): warning C4244: '=': conversion from 'float' to 'int', possible loss of data
C:\Users\Bogdan Strohonov\Desktop\StrategyPrototype3\StraProtyp3\StraProtyp3\NavMesh.cpp(33,12): warning C4244: '=': conversion from 'float' to 'int', possible loss of data
C:\Users\Bogdan Strohonov\Desktop\StrategyPrototype3\StraProtyp3\StraProtyp3\NavMesh.cpp(34,12): warning C4244: '=': conversion from 'float' to 'int', possible loss of data
C:\Users\Bogdan Strohonov\Desktop\StrategyPrototype3\StraProtyp3\StraProtyp3\NavMesh.cpp(40,25): warning C4305: '=': truncation from 'int' to '_Ty'
          with
          [
              _Ty=float
          ]
C:\Program Files (x86)\Microsoft Visual Studio\2019\Enterprise\VC\Tools\MSVC\14.29.30037\include\tuple(644,76): warning C4244: '=': conversion from '_Ty' to '_Ty', possible loss of data
          with
          [
              _Ty=int
          ]
          and
          [
              _Ty=float
          ]
C:\Users\Bogdan Strohonov\Desktop\StrategyPrototype3\StraProtyp3\StraProtyp3\Common.h(143): message : see reference to function template instantiation 'std::tuple<float,float,float,float,float> &std::tuple<float,float,float,float,float>::operator =<int,int,int,int,float,0>(std::tuple<int,int,int,int,float> &&) noexcept' being compiled
C:\Users\Bogdan Strohonov\Desktop\StrategyPrototype3\StraProtyp3\StraProtyp3\Common.h(143): message : see reference to function template instantiation 'std::tuple<float,float,float,float,float> &std::tuple<float,float,float,float,float>::operator =<int,int,int,int,float,0>(std::tuple<int,int,int,int,float> &&) noexcept' being compiled
C:\Program Files (x86)\Microsoft Visual Studio\2019\Enterprise\VC\Tools\MSVC\14.29.30037\include\tuple(170,47): warning C4244: 'initializing': conversion from 'int' to '_Ty', possible loss of data
          with
          [
              _Ty=float
          ]
C:\Program Files (x86)\Microsoft Visual Studio\2019\Enterprise\VC\Tools\MSVC\14.29.30037\include\tuple(258): message : see reference to function template instantiation 'std::_Tuple_val<_This>::_Tuple_val<int&>(_Other)' being compiled
          with
          [
              _This=float,
              _Other=int &
          ]
C:\Program Files (x86)\Microsoft Visual Studio\2019\Enterprise\VC\Tools\MSVC\14.29.30037\include\tuple(258): message : see reference to function template instantiation 'std::_Tuple_val<_This>::_Tuple_val<int&>(_Other)' being compiled
          with
          [
              _This=float,
              _Other=int &
          ]
C:\Program Files (x86)\Microsoft Visual Studio\2019\Enterprise\VC\Tools\MSVC\14.29.30037\include\tuple(340): message : see reference to function template instantiation 'std::tuple<float,float>::tuple<std::_Exact_args_t,int&,int&,0>(_Tag,_This2,int &)' being compiled
          with
          [
              _Tag=std::_Exact_args_t,
              _This2=int &
          ]
C:\Program Files (x86)\Microsoft Visual Studio\2019\Enterprise\VC\Tools\MSVC\14.29.30037\include\tuple(340): message : see reference to function template instantiation 'std::tuple<float,float>::tuple<std::_Exact_args_t,int&,int&,0>(_Tag,_This2,int &)' being compiled
          with
          [
              _Tag=std::_Exact_args_t,
              _This2=int &
          ]
C:\Users\Bogdan Strohonov\Desktop\StrategyPrototype3\StraProtyp3\StraProtyp3\Common.h(170): message : see reference to function template instantiation 'std::tuple<float,float>::tuple<int&,int&,0>(_This2,int &) noexcept' being compiled
          with
          [
              _This2=int &
          ]
C:\Users\Bogdan Strohonov\Desktop\StrategyPrototype3\StraProtyp3\StraProtyp3\Common.h(170): message : see reference to function template instantiation 'std::tuple<float,float>::tuple<int&,int&,0>(_This2,int &) noexcept' being compiled
          with
          [
              _This2=int &
          ]
C:\Program Files (x86)\Microsoft Visual Studio\2019\Enterprise\VC\Tools\MSVC\14.29.30037\include\tuple(170,47): warning C4244: 'initializing': conversion from '_Ty' to '_Ty', possible loss of data
          with
          [
              _Ty=int
          ]
          and
          [
              _Ty=float
          ]
C:\Program Files (x86)\Microsoft Visual Studio\2019\Enterprise\VC\Tools\MSVC\14.29.30037\include\tuple(258): message : see reference to function template instantiation 'std::_Tuple_val<_This>::_Tuple_val<_Ty>(_Other &&)' being compiled
          with
          [
              _This=float,
              _Ty=int,
              _Other=int
          ]
C:\Program Files (x86)\Microsoft Visual Studio\2019\Enterprise\VC\Tools\MSVC\14.29.30037\include\tuple(258): message : see reference to function template instantiation 'std::_Tuple_val<_This>::_Tuple_val<_Ty>(_Other &&)' being compiled
          with
          [
              _This=float,
              _Ty=int,
              _Other=int
          ]
C:\Program Files (x86)\Microsoft Visual Studio\2019\Enterprise\VC\Tools\MSVC\14.29.30037\include\tuple(878): message : see reference to function template instantiation 'std::tuple<float,float,float,float,float>::tuple<std::_Exact_args_t,int,int,int,int,int,0>(_Tag,_This2 &&,int &&,int &&,int &&,int &&)' being compiled
          with
          [
              _Tag=std::_Exact_args_t,
              _This2=int
          ]
C:\Program Files (x86)\Microsoft Visual Studio\2019\Enterprise\VC\Tools\MSVC\14.29.30037\include\tuple(878): message : see reference to function template instantiation 'std::tuple<float,float,float,float,float>::tuple<std::_Exact_args_t,int,int,int,int,int,0>(_Tag,_This2 &&,int &&,int &&,int &&,int &&)' being compiled
          with
          [
              _Tag=std::_Exact_args_t,
              _This2=int
          ]
C:\Program Files (x86)\Microsoft Visual Studio\2019\Enterprise\VC\Tools\MSVC\14.29.30037\include\tuple(265): message : see reference to function template instantiation 'std::tuple<float,float,float,float,float>::tuple<std::_Unpack_tuple_t,_Ty,0,1,2,3,4,0>(_Tag,_Tpl &&,std::integer_sequence<size_t,0,1,2,3,4>)' being compiled
          with
          [
              _Ty=std::tuple<int,int,int,int,int>,
              _Tag=std::_Unpack_tuple_t,
              _Tpl=std::tuple<int,int,int,int,int>
          ]
C:\Program Files (x86)\Microsoft Visual Studio\2019\Enterprise\VC\Tools\MSVC\14.29.30037\include\tuple(265): message : see reference to function template instantiation 'std::tuple<float,float,float,float,float>::tuple<std::_Unpack_tuple_t,_Ty,0,1,2,3,4,0>(_Tag,_Tpl &&,std::integer_sequence<size_t,0,1,2,3,4>)' being compiled
          with
          [
              _Ty=std::tuple<int,int,int,int,int>,
              _Tag=std::_Unpack_tuple_t,
              _Tpl=std::tuple<int,int,int,int,int>
          ]
C:\Program Files (x86)\Microsoft Visual Studio\2019\Enterprise\VC\Tools\MSVC\14.29.30037\include\tuple(392): message : see reference to function template instantiation 'std::tuple<float,float,float,float,float>::tuple<std::_Unpack_tuple_t,std::tuple<int,int,int,int,int>,0>(_Tag,_Tpl &&)' being compiled
          with
          [
              _Tag=std::_Unpack_tuple_t,
              _Tpl=std::tuple<int,int,int,int,int>
          ]
C:\Program Files (x86)\Microsoft Visual Studio\2019\Enterprise\VC\Tools\MSVC\14.29.30037\include\tuple(392): message : see reference to function template instantiation 'std::tuple<float,float,float,float,float>::tuple<std::_Unpack_tuple_t,std::tuple<int,int,int,int,int>,0>(_Tag,_Tpl &&)' being compiled
          with
          [
              _Tag=std::_Unpack_tuple_t,
              _Tpl=std::tuple<int,int,int,int,int>
          ]
C:\Users\Bogdan Strohonov\Desktop\StrategyPrototype3\StraProtyp3\StraProtyp3\NavMesh.cpp(61): message : see reference to function template instantiation 'std::tuple<float,float,float,float,float>::tuple<int,int,int,int,int,0>(std::tuple<int,int,int,int,int> &&) noexcept' being compiled
C:\Users\Bogdan Strohonov\Desktop\StrategyPrototype3\StraProtyp3\StraProtyp3\NavMesh.cpp(61): message : see reference to function template instantiation 'std::tuple<float,float,float,float,float>::tuple<int,int,int,int,int,0>(std::tuple<int,int,int,int,int> &&) noexcept' being compiled
  UnitComponent.cpp
C:\Users\Bogdan Strohonov\Desktop\StrategyPrototype3\StraProtyp3\StraProtyp3\Common.h(96,60): warning C4244: 'argument': conversion from 'float' to 'int', possible loss of data
C:\Users\Bogdan Strohonov\Desktop\StrategyPrototype3\StraProtyp3\StraProtyp3\Common.h(96,48): warning C4244: 'argument': conversion from 'float' to 'int', possible loss of data
C:\Users\Bogdan Strohonov\Desktop\StrategyPrototype3\StraProtyp3\StraProtyp3\Common.h(96,34): warning C4244: 'argument': conversion from 'float' to 'int', possible loss of data
C:\Users\Bogdan Strohonov\Desktop\StrategyPrototype3\StraProtyp3\StraProtyp3\Common.h(96,20): warning C4244: 'argument': conversion from 'float' to 'int', possible loss of data
C:\Users\Bogdan Strohonov\Desktop\StrategyPrototype3\StraProtyp3\StraProtyp3\Common.h(103,10): warning C4244: 'initializing': conversion from 'float' to 'int', possible loss of data
C:\Users\Bogdan Strohonov\Desktop\StrategyPrototype3\StraProtyp3\StraProtyp3\Common.h(104,11): warning C4244: 'initializing': conversion from 'float' to 'int', possible loss of data
C:\Users\Bogdan Strohonov\Desktop\StrategyPrototype3\StraProtyp3\StraProtyp3\Common.h(105,10): warning C4244: 'initializing': conversion from 'float' to 'int', possible loss of data
C:\Users\Bogdan Strohonov\Desktop\StrategyPrototype3\StraProtyp3\StraProtyp3\Common.h(106,11): warning C4244: 'initializing': conversion from 'float' to 'int', possible loss of data
C:\Users\Bogdan Strohonov\Desktop\StrategyPrototype3\StraProtyp3\StraProtyp3\Common.h(108,10): warning C4244: 'initializing': conversion from 'float' to 'int', possible loss of data
C:\Users\Bogdan Strohonov\Desktop\StrategyPrototype3\StraProtyp3\StraProtyp3\Common.h(112,54): warning C4244: 'return': conversion from 'int' to 'float', possible loss of data
C:\Users\Bogdan Strohonov\Desktop\StrategyPrototype3\StraProtyp3\StraProtyp3\Common.h(115,1): warning C4305: 'return': truncation from 'int' to 'float'
C:\Users\Bogdan Strohonov\Desktop\StrategyPrototype3\StraProtyp3\StraProtyp3\Common.h(124,46): warning C4244: 'argument': conversion from 'float' to 'int', possible loss of data
C:\Users\Bogdan Strohonov\Desktop\StrategyPrototype3\StraProtyp3\StraProtyp3\Common.h(124,35): warning C4244: 'argument': conversion from 'float' to 'int', possible loss of data
C:\Users\Bogdan Strohonov\Desktop\StrategyPrototype3\StraProtyp3\StraProtyp3\Common.h(124,24): warning C4244: 'argument': conversion from 'float' to 'int', possible loss of data
C:\Users\Bogdan Strohonov\Desktop\StrategyPrototype3\StraProtyp3\StraProtyp3\Common.h(124,13): warning C4244: 'argument': conversion from 'float' to 'int', possible loss of data
C:\Users\Bogdan Strohonov\Desktop\StrategyPrototype3\StraProtyp3\StraProtyp3\Common.h(132,10): warning C4244: 'initializing': conversion from 'float' to 'int', possible loss of data
C:\Users\Bogdan Strohonov\Desktop\StrategyPrototype3\StraProtyp3\StraProtyp3\Common.h(133,11): warning C4244: 'initializing': conversion from 'float' to 'int', possible loss of data
C:\Users\Bogdan Strohonov\Desktop\StrategyPrototype3\StraProtyp3\StraProtyp3\Common.h(134,10): warning C4244: 'initializing': conversion from 'float' to 'int', possible loss of data
C:\Users\Bogdan Strohonov\Desktop\StrategyPrototype3\StraProtyp3\StraProtyp3\Common.h(135,11): warning C4244: 'initializing': conversion from 'float' to 'int', possible loss of data
C:\Users\Bogdan Strohonov\Desktop\StrategyPrototype3\StraProtyp3\StraProtyp3\Common.h(154,34): warning C4244: 'argument': conversion from 'float' to 'int', possible loss of data
C:\Users\Bogdan Strohonov\Desktop\StrategyPrototype3\StraProtyp3\StraProtyp3\Common.h(154,23): warning C4244: 'argument': conversion from 'float' to 'int', possible loss of data
C:\Users\Bogdan Strohonov\Desktop\StrategyPrototype3\StraProtyp3\StraProtyp3\Common.h(163,14): warning C4244: 'initializing': conversion from 'float' to 'int', possible loss of data
C:\Users\Bogdan Strohonov\Desktop\StrategyPrototype3\StraProtyp3\StraProtyp3\Common.h(164,14): warning C4244: 'initializing': conversion from 'float' to 'int', possible loss of data
C:\Users\Bogdan Strohonov\Desktop\StrategyPrototype3\StraProtyp3\StraProtyp3\Common.h(165,12): warning C4244: 'initializing': conversion from 'float' to 'int', possible loss of data
C:\Users\Bogdan Strohonov\Desktop\StrategyPrototype3\StraProtyp3\StraProtyp3\Common.h(166,12): warning C4244: 'initializing': conversion from 'float' to 'int', possible loss of data
C:\Program Files (x86)\Microsoft Visual Studio\2019\Enterprise\VC\Tools\MSVC\14.29.30037\include\tuple(644,76): warning C4244: '=': conversion from '_Ty' to '_Ty', possible loss of data
          with
          [
              _Ty=int
          ]
          and
          [
              _Ty=float
          ]
C:\Users\Bogdan Strohonov\Desktop\StrategyPrototype3\StraProtyp3\StraProtyp3\Common.h(143): message : see reference to function template instantiation 'std::tuple<float,float,float,float,float> &std::tuple<float,float,float,float,float>::operator =<int,int,int,int,float,0>(std::tuple<int,int,int,int,float> &&) noexcept' being compiled
C:\Users\Bogdan Strohonov\Desktop\StrategyPrototype3\StraProtyp3\StraProtyp3\Common.h(143): message : see reference to function template instantiation 'std::tuple<float,float,float,float,float> &std::tuple<float,float,float,float,float>::operator =<int,int,int,int,float,0>(std::tuple<int,int,int,int,float> &&) noexcept' being compiled
C:\Program Files (x86)\Microsoft Visual Studio\2019\Enterprise\VC\Tools\MSVC\14.29.30037\include\tuple(170,47): warning C4244: 'initializing': conversion from 'int' to '_Ty', possible loss of data
          with
          [
              _Ty=float
          ]
C:\Program Files (x86)\Microsoft Visual Studio\2019\Enterprise\VC\Tools\MSVC\14.29.30037\include\tuple(258): message : see reference to function template instantiation 'std::_Tuple_val<_This>::_Tuple_val<int&>(_Other)' being compiled
          with
          [
              _This=float,
              _Other=int &
          ]
C:\Program Files (x86)\Microsoft Visual Studio\2019\Enterprise\VC\Tools\MSVC\14.29.30037\include\tuple(258): message : see reference to function template instantiation 'std::_Tuple_val<_This>::_Tuple_val<int&>(_Other)' being compiled
          with
          [
              _This=float,
              _Other=int &
          ]
C:\Program Files (x86)\Microsoft Visual Studio\2019\Enterprise\VC\Tools\MSVC\14.29.30037\include\tuple(340): message : see reference to function template instantiation 'std::tuple<float,float>::tuple<std::_Exact_args_t,int&,int&,0>(_Tag,_This2,int &)' being compiled
          with
          [
              _Tag=std::_Exact_args_t,
              _This2=int &
          ]
C:\Program Files (x86)\Microsoft Visual Studio\2019\Enterprise\VC\Tools\MSVC\14.29.30037\include\tuple(340): message : see reference to function template instantiation 'std::tuple<float,float>::tuple<std::_Exact_args_t,int&,int&,0>(_Tag,_This2,int &)' being compiled
          with
          [
              _Tag=std::_Exact_args_t,
              _This2=int &
          ]
C:\Users\Bogdan Strohonov\Desktop\StrategyPrototype3\StraProtyp3\StraProtyp3\Common.h(170): message : see reference to function template instantiation 'std::tuple<float,float>::tuple<int&,int&,0>(_This2,int &) noexcept' being compiled
          with
          [
              _This2=int &
          ]
C:\Users\Bogdan Strohonov\Desktop\StrategyPrototype3\StraProtyp3\StraProtyp3\Common.h(170): message : see reference to function template instantiation 'std::tuple<float,float>::tuple<int&,int&,0>(_This2,int &) noexcept' being compiled
          with
          [
              _This2=int &
          ]
LINK : warning C4744: 'static struct std::atomic<bool> vgjs::JobSystem::m_terminated' has different type in 'c:\users\bogdan strohonov\desktop\strategyprototype3\straprotyp3\straprotyp3\main.cpp' and 'c:\users\bogdan strohonov\desktop\strategyprototype3\straprotyp3\straprotyp3\jobsystem.cpp': '__declspec(align(1)) struct (1 bytes)' and 'struct (1 bytes)'
     Creating library C:\Users\Bogdan Strohonov\Desktop\StrategyPrototype3\StraProtyp3\\StraProtyp\bin\Release-x64\StraProtyp3\StraProtyp3.lib and object C:\Users\Bogdan Strohonov\Desktop\StrategyPrototype3\StraProtyp3\\StraProtyp\bin\Release-x64\StraProtyp3\StraProtyp3.exp
  Generating code
C:\Users\Bogdan Strohonov\Desktop\StrategyPrototype3\StraProtyp3\StraProtyp3\GameObject2.h(134): warning C4715: 'GameObject2::getComponent<TransformComponent>': not all control paths return a value
C:\Users\Bogdan Strohonov\Desktop\StrategyPrototype3\StraProtyp3\StraProtyp3\GameObject2.h(134): warning C4715: 'GameObject2::getComponent<CollisionBoxComponent>': not all control paths return a value
C:\Users\Bogdan Strohonov\Desktop\StrategyPrototype3\StraProtyp3\StraProtyp3\GameObject2.h(134): warning C4715: 'GameObject2::getComponent<UnitComponent>': not all control paths return a value
C:\Users\Bogdan Strohonov\Desktop\StrategyPrototype3\StraProtyp3\StraProtyp3\GameObject2.h(146): warning C4715: 'GameObject2::getComponent': not all control paths return a value
C:\Users\Bogdan Strohonov\Desktop\StrategyPrototype3\StraProtyp3\StraProtyp3\GameObject2.h(134): warning C4715: 'GameObject2::getComponent<RenderableComponent>': not all control paths return a value
C:\Users\Bogdan Strohonov\Desktop\StrategyPrototype3\StraProtyp3\StraProtyp3\GameObject2.h(134): warning C4715: 'GameObject2::getComponent<ForestComponent>': not all control paths return a value
C:\Users\Bogdan Strohonov\Desktop\StrategyPrototype3\StraProtyp3\StraProtyp3\GameObject2.h(134): warning C4715: 'GameObject2::getComponent<MaptileComponent>': not all control paths return a value
C:\Users\Bogdan Strohonov\Desktop\StrategyPrototype3\StraProtyp3\StraProtyp3\GameObject2.h(134): warning C4715: 'GameObject2::getComponent<CityComponent>': not all control paths return a value
C:\Users\Bogdan Strohonov\Desktop\StrategyPrototype3\StraProtyp3\StraProtyp3\ForestSystem.cpp(881): warning C4715: 'ForestSystem::ReloadDefinition': not all control paths return a value
  2453 of 6669 functions (36.8%) were compiled, the rest were copied from previous compilation.
    1222 functions were new in current compilation
    603 functions had inline decision re-evaluated but remain unchanged
  Finished generating code
  StraProtyp3.vcxproj -> C:\Users\Bogdan Strohonov\Desktop\StrategyPrototype3\StraProtyp3\StraProtyp\bin\Release-x64\StraProtyp3\StraProtyp3.exe
