C:\Program Files (x86)\Microsoft Visual Studio\2019\Enterprise\MSBuild\Microsoft\VC\v160\Microsoft.CppBuild.targets(498,5): warning MSB8004: Intermediate Directory does not end with a trailing slash.  This build instance will add the slash as it is required to allow proper evaluation of the Intermediate Directory.
C:\Program Files (x86)\Microsoft Visual Studio\2019\Enterprise\MSBuild\Microsoft\VC\v160\Microsoft.CppBuild.targets(499,5): warning MSB8004: Output Directory does not end with a trailing slash.  This build instance will add the slash as it is required to allow proper evaluation of the Output Directory.
  ForestSystem.cpp
C:\Users\Bogdan Strohonov\Desktop\StrategyPrototype3\StraProtyp3\StraProtyp3\GameObject2.h(100,61): warning C4129: '{': unrecognized character escape sequence
C:\Users\Bogdan Strohonov\Desktop\StrategyPrototype3\StraProtyp3\StraProtyp3\Common.h(95,60): warning C4244: 'argument': conversion from 'float' to 'int', possible loss of data
C:\Users\Bogdan Strohonov\Desktop\StrategyPrototype3\StraProtyp3\StraProtyp3\Common.h(95,48): warning C4244: 'argument': conversion from 'float' to 'int', possible loss of data
C:\Users\Bogdan Strohonov\Desktop\StrategyPrototype3\StraProtyp3\StraProtyp3\Common.h(95,34): warning C4244: 'argument': conversion from 'float' to 'int', possible loss of data
C:\Users\Bogdan Strohonov\Desktop\StrategyPrototype3\StraProtyp3\StraProtyp3\Common.h(95,20): warning C4244: 'argument': conversion from 'float' to 'int', possible loss of data
C:\Users\Bogdan Strohonov\Desktop\StrategyPrototype3\StraProtyp3\StraProtyp3\Common.h(102,10): warning C4244: 'initializing': conversion from 'float' to 'int', possible loss of data
C:\Users\Bogdan Strohonov\Desktop\StrategyPrototype3\StraProtyp3\StraProtyp3\Common.h(103,11): warning C4244: 'initializing': conversion from 'float' to 'int', possible loss of data
C:\Users\Bogdan Strohonov\Desktop\StrategyPrototype3\StraProtyp3\StraProtyp3\Common.h(104,10): warning C4244: 'initializing': conversion from 'float' to 'int', possible loss of data
C:\Users\Bogdan Strohonov\Desktop\StrategyPrototype3\StraProtyp3\StraProtyp3\Common.h(105,11): warning C4244: 'initializing': conversion from 'float' to 'int', possible loss of data
C:\Users\Bogdan Strohonov\Desktop\StrategyPrototype3\StraProtyp3\StraProtyp3\Common.h(107,10): warning C4244: 'initializing': conversion from 'float' to 'int', possible loss of data
C:\Users\Bogdan Strohonov\Desktop\StrategyPrototype3\StraProtyp3\StraProtyp3\Common.h(111,54): warning C4244: 'return': conversion from 'int' to 'float', possible loss of data
C:\Users\Bogdan Strohonov\Desktop\StrategyPrototype3\StraProtyp3\StraProtyp3\Common.h(114,1): warning C4305: 'return': truncation from 'int' to 'float'
C:\Users\Bogdan Strohonov\Desktop\StrategyPrototype3\StraProtyp3\StraProtyp3\Common.h(123,46): warning C4244: 'argument': conversion from 'float' to 'int', possible loss of data
C:\Users\Bogdan Strohonov\Desktop\StrategyPrototype3\StraProtyp3\StraProtyp3\Common.h(123,35): warning C4244: 'argument': conversion from 'float' to 'int', possible loss of data
C:\Users\Bogdan Strohonov\Desktop\StrategyPrototype3\StraProtyp3\StraProtyp3\Common.h(123,24): warning C4244: 'argument': conversion from 'float' to 'int', possible loss of data
C:\Users\Bogdan Strohonov\Desktop\StrategyPrototype3\StraProtyp3\StraProtyp3\Common.h(123,13): warning C4244: 'argument': conversion from 'float' to 'int', possible loss of data
C:\Users\Bogdan Strohonov\Desktop\StrategyPrototype3\StraProtyp3\StraProtyp3\Common.h(131,10): warning C4244: 'initializing': conversion from 'float' to 'int', possible loss of data
C:\Users\Bogdan Strohonov\Desktop\StrategyPrototype3\StraProtyp3\StraProtyp3\Common.h(132,11): warning C4244: 'initializing': conversion from 'float' to 'int', possible loss of data
C:\Users\Bogdan Strohonov\Desktop\StrategyPrototype3\StraProtyp3\StraProtyp3\Common.h(133,10): warning C4244: 'initializing': conversion from 'float' to 'int', possible loss of data
C:\Users\Bogdan Strohonov\Desktop\StrategyPrototype3\StraProtyp3\StraProtyp3\Common.h(134,11): warning C4244: 'initializing': conversion from 'float' to 'int', possible loss of data
C:\Users\Bogdan Strohonov\Desktop\StrategyPrototype3\StraProtyp3\StraProtyp3\Common.h(153,34): warning C4244: 'argument': conversion from 'float' to 'int', possible loss of data
C:\Users\Bogdan Strohonov\Desktop\StrategyPrototype3\StraProtyp3\StraProtyp3\Common.h(153,23): warning C4244: 'argument': conversion from 'float' to 'int', possible loss of data
C:\Users\Bogdan Strohonov\Desktop\StrategyPrototype3\StraProtyp3\StraProtyp3\Common.h(162,14): warning C4244: 'initializing': conversion from 'float' to 'int', possible loss of data
C:\Users\Bogdan Strohonov\Desktop\StrategyPrototype3\StraProtyp3\StraProtyp3\Common.h(163,14): warning C4244: 'initializing': conversion from 'float' to 'int', possible loss of data
C:\Users\Bogdan Strohonov\Desktop\StrategyPrototype3\StraProtyp3\StraProtyp3\Common.h(164,12): warning C4244: 'initializing': conversion from 'float' to 'int', possible loss of data
C:\Users\Bogdan Strohonov\Desktop\StrategyPrototype3\StraProtyp3\StraProtyp3\Common.h(165,12): warning C4244: 'initializing': conversion from 'float' to 'int', possible loss of data
C:\Users\Bogdan Strohonov\Desktop\StrategyPrototype3\StraProtyp3\StraProtyp3\ForestSystem.cpp(377,73): warning C4244: 'argument': conversion from 'int' to 'float', possible loss of data
C:\Users\Bogdan Strohonov\Desktop\StrategyPrototype3\StraProtyp3\StraProtyp3\ForestSystem.cpp(377,70): warning C4244: 'argument': conversion from 'int' to 'float', possible loss of data
C:\Users\Bogdan Strohonov\Desktop\StrategyPrototype3\StraProtyp3\StraProtyp3\ForestSystem.cpp(382,70): warning C4244: 'argument': conversion from 'int' to 'float', possible loss of data
C:\Users\Bogdan Strohonov\Desktop\StrategyPrototype3\StraProtyp3\StraProtyp3\ForestSystem.cpp(382,67): warning C4244: 'argument': conversion from 'int' to 'float', possible loss of data
C:\Users\Bogdan Strohonov\Desktop\StrategyPrototype3\StraProtyp3\StraProtyp3\ForestSystem.cpp(387,68): warning C4244: 'argument': conversion from 'int' to 'float', possible loss of data
C:\Users\Bogdan Strohonov\Desktop\StrategyPrototype3\StraProtyp3\StraProtyp3\ForestSystem.cpp(387,65): warning C4244: 'argument': conversion from 'int' to 'float', possible loss of data
C:\Users\Bogdan Strohonov\Desktop\StrategyPrototype3\StraProtyp3\StraProtyp3\ForestSystem.cpp(392,72): warning C4244: 'argument': conversion from 'int' to 'float', possible loss of data
C:\Users\Bogdan Strohonov\Desktop\StrategyPrototype3\StraProtyp3\StraProtyp3\ForestSystem.cpp(392,69): warning C4244: 'argument': conversion from 'int' to 'float', possible loss of data
C:\Users\Bogdan Strohonov\Desktop\StrategyPrototype3\StraProtyp3\StraProtyp3\ForestSystem.cpp(397,70): warning C4244: 'argument': conversion from 'int' to 'float', possible loss of data
C:\Users\Bogdan Strohonov\Desktop\StrategyPrototype3\StraProtyp3\StraProtyp3\ForestSystem.cpp(397,67): warning C4244: 'argument': conversion from 'int' to 'float', possible loss of data
C:\Program Files (x86)\Microsoft Visual Studio\2019\Enterprise\VC\Tools\MSVC\14.29.30037\include\tuple(644,76): warning C4244: '=': conversion from '_Ty' to '_Ty', possible loss of data
          with
          [
              _Ty=int
          ]
          and
          [
              _Ty=float
          ]
C:\Users\Bogdan Strohonov\Desktop\StrategyPrototype3\StraProtyp3\StraProtyp3\Common.h(142): message : see reference to function template instantiation 'std::tuple<float,float,float,float,float> &std::tuple<float,float,float,float,float>::operator =<int,int,int,int,float,0>(std::tuple<int,int,int,int,float> &&) noexcept' being compiled
C:\Users\Bogdan Strohonov\Desktop\StrategyPrototype3\StraProtyp3\StraProtyp3\Common.h(142): message : see reference to function template instantiation 'std::tuple<float,float,float,float,float> &std::tuple<float,float,float,float,float>::operator =<int,int,int,int,float,0>(std::tuple<int,int,int,int,float> &&) noexcept' being compiled
C:\Program Files (x86)\Microsoft Visual Studio\2019\Enterprise\VC\Tools\MSVC\14.29.30037\include\tuple(170,47): warning C4244: 'initializing': conversion from 'int' to '_Ty', possible loss of data
          with
          [
              _Ty=float
          ]
C:\Program Files (x86)\Microsoft Visual Studio\2019\Enterprise\VC\Tools\MSVC\14.29.30037\include\tuple(258): message : see reference to function template instantiation 'std::_Tuple_val<_This>::_Tuple_val<int&>(_Other)' being compiled
          with
          [
              _This=float,
              _Other=int &
          ]
C:\Program Files (x86)\Microsoft Visual Studio\2019\Enterprise\VC\Tools\MSVC\14.29.30037\include\tuple(258): message : see reference to function template instantiation 'std::_Tuple_val<_This>::_Tuple_val<int&>(_Other)' being compiled
          with
          [
              _This=float,
              _Other=int &
          ]
C:\Program Files (x86)\Microsoft Visual Studio\2019\Enterprise\VC\Tools\MSVC\14.29.30037\include\tuple(340): message : see reference to function template instantiation 'std::tuple<float,float>::tuple<std::_Exact_args_t,int&,int&,0>(_Tag,_This2,int &)' being compiled
          with
          [
              _Tag=std::_Exact_args_t,
              _This2=int &
          ]
C:\Program Files (x86)\Microsoft Visual Studio\2019\Enterprise\VC\Tools\MSVC\14.29.30037\include\tuple(340): message : see reference to function template instantiation 'std::tuple<float,float>::tuple<std::_Exact_args_t,int&,int&,0>(_Tag,_This2,int &)' being compiled
          with
          [
              _Tag=std::_Exact_args_t,
              _This2=int &
          ]
C:\Users\Bogdan Strohonov\Desktop\StrategyPrototype3\StraProtyp3\StraProtyp3\Common.h(169): message : see reference to function template instantiation 'std::tuple<float,float>::tuple<int&,int&,0>(_This2,int &) noexcept' being compiled
          with
          [
              _This2=int &
          ]
C:\Users\Bogdan Strohonov\Desktop\StrategyPrototype3\StraProtyp3\StraProtyp3\Common.h(169): message : see reference to function template instantiation 'std::tuple<float,float>::tuple<int&,int&,0>(_This2,int &) noexcept' being compiled
          with
          [
              _This2=int &
          ]
C:\Users\Bogdan Strohonov\Desktop\StrategyPrototype3\StraProtyp3\StraProtyp3\ForestSystem.cpp(704): warning C4715: 'ForestSystem::ReloadDefinition': not all control paths return a value
C:\Users\Bogdan Strohonov\Desktop\StrategyPrototype3\StraProtyp3\StraProtyp3\GameObject2.h(134): warning C4715: 'GameObject2::getComponent<MaptileComponent>': not all control paths return a value
C:\Users\Bogdan Strohonov\Desktop\StrategyPrototype3\StraProtyp3\StraProtyp3\GameObject2.h(134): warning C4715: 'GameObject2::getComponent<ForestComponent>': not all control paths return a value
C:\Users\Bogdan Strohonov\Desktop\StrategyPrototype3\StraProtyp3\StraProtyp3\GameObject2.h(134): warning C4715: 'GameObject2::getComponent<RenderableComponent>': not all control paths return a value
  StraProtyp3.vcxproj -> C:\Users\Bogdan Strohonov\Desktop\StrategyPrototype3\StraProtyp3\StraProtyp\bin\Debug-x64\StraProtyp3\StraProtyp3.exe
