c:\users\bogdan strohonov\desktop\strategyprototype3\straprotyp3\straprotyp\intermediate\debug-x64\straprotyp3\vc142.pdb
c:\users\bogdan strohonov\desktop\strategyprototype3\straprotyp3\straprotyp\intermediate\debug-x64\straprotyp3\vc142.idb
c:\users\bogdan strohonov\desktop\strategyprototype3\straprotyp3\straprotyp\intermediate\debug-x64\straprotyp3\maptileregions.obj
c:\users\bogdan strohonov\desktop\strategyprototype3\straprotyp3\straprotyp\intermediate\debug-x64\straprotyp3\main.obj
c:\users\bogdan strohonov\desktop\strategyprototype3\straprotyp3\straprotyp\intermediate\debug-x64\straprotyp3\itech.obj
c:\users\bogdan strohonov\desktop\strategyprototype3\straprotyp3\straprotyp\intermediate\debug-x64\straprotyp3\imaptile.obj
c:\users\bogdan strohonov\desktop\strategyprototype3\straprotyp3\straprotyp\intermediate\debug-x64\straprotyp3\gameworldtime.obj
c:\users\bogdan strohonov\desktop\strategyprototype3\straprotyp3\straprotyp\intermediate\debug-x64\straprotyp3\gameworld.obj
c:\users\bogdan strohonov\desktop\strategyprototype3\straprotyp3\straprotyp\intermediate\debug-x64\straprotyp3\gameobjectcreator.obj
c:\users\bogdan strohonov\desktop\strategyprototype3\straprotyp3\straprotyp\intermediate\debug-x64\straprotyp3\gameobject.obj
c:\users\bogdan strohonov\desktop\strategyprototype3\straprotyp3\straprotyp\intermediate\debug-x64\straprotyp3\componentsystem.obj
c:\users\bogdan strohonov\desktop\strategyprototype3\straprotyp3\straprotyp\intermediate\debug-x64\straprotyp3\components.obj
c:\users\bogdan strohonov\desktop\strategyprototype3\straprotyp3\straprotyp\intermediate\debug-x64\straprotyp3\tinyxml2.obj
c:\users\bogdan strohonov\desktop\strategyprototype3\straprotyp3\straprotyp\intermediate\debug-x64\straprotyp3\imnodes.obj
c:\users\bogdan strohonov\desktop\strategyprototype3\straprotyp3\straprotyp\intermediate\debug-x64\straprotyp3\imgui_widgets.obj
c:\users\bogdan strohonov\desktop\strategyprototype3\straprotyp3\straprotyp\intermediate\debug-x64\straprotyp3\imgui_tables.obj
c:\users\bogdan strohonov\desktop\strategyprototype3\straprotyp3\straprotyp\intermediate\debug-x64\straprotyp3\imgui_draw.obj
c:\users\bogdan strohonov\desktop\strategyprototype3\straprotyp3\straprotyp\intermediate\debug-x64\straprotyp3\imgui_demo.obj
c:\users\bogdan strohonov\desktop\strategyprototype3\straprotyp3\straprotyp\intermediate\debug-x64\straprotyp3\imgui.obj
c:\users\bogdan strohonov\desktop\strategyprototype3\straprotyp3\straprotyp\intermediate\debug-x64\straprotyp3\imgui_impl_opengl3.obj
c:\users\bogdan strohonov\desktop\strategyprototype3\straprotyp3\straprotyp\intermediate\debug-x64\straprotyp3\imgui_impl_glfw.obj
c:\users\bogdan strohonov\desktop\strategyprototype3\straprotyp3\straprotyp\intermediate\debug-x64\straprotyp3\any.obj
c:\users\bogdan strohonov\desktop\strategyprototype3\straprotyp3\straprotyp\intermediate\debug-x64\straprotyp3\techinstance.obj
c:\users\bogdan strohonov\desktop\strategyprototype3\straprotyp3\straprotyp\intermediate\debug-x64\straprotyp3\randomnamegenerator.obj
c:\users\bogdan strohonov\desktop\strategyprototype3\straprotyp3\straprotyp\intermediate\debug-x64\straprotyp3\random.obj
c:\users\bogdan strohonov\desktop\strategyprototype3\straprotyp3\straprotyp\intermediate\debug-x64\straprotyp3\playerinstance.obj
c:\users\bogdan strohonov\desktop\strategyprototype3\straprotyp3\straprotyp\bin\debug-x64\straprotyp3\straprotyp3.exe
c:\users\bogdan strohonov\desktop\strategyprototype3\straprotyp3\straprotyp\intermediate\debug-x64\straprotyp3\straprotyp3.ilk
c:\users\bogdan strohonov\desktop\strategyprototype3\straprotyp3\straprotyp\bin\debug-x64\straprotyp3\straprotyp3.pdb
c:\users\bogdan strohonov\desktop\strategyprototype3\straprotyp3\straprotyp\bin\debug-x64\straprotyp3\straprotyp3.lib
c:\users\bogdan strohonov\desktop\strategyprototype3\straprotyp3\straprotyp\bin\debug-x64\straprotyp3\straprotyp3.exp
c:\users\bogdan strohonov\desktop\strategyprototype3\straprotyp3\\straprotyp\bin\debug-x64\straprotyp3\straprotyp3.pdb
c:\users\bogdan strohonov\desktop\strategyprototype3\straprotyp3\straprotyp\intermediate\debug-x64\straprotyp3\straprotyp3.tlog\cl.command.1.tlog
c:\users\bogdan strohonov\desktop\strategyprototype3\straprotyp3\straprotyp\intermediate\debug-x64\straprotyp3\straprotyp3.tlog\cl.read.1.tlog
c:\users\bogdan strohonov\desktop\strategyprototype3\straprotyp3\straprotyp\intermediate\debug-x64\straprotyp3\straprotyp3.tlog\cl.write.1.tlog
c:\users\bogdan strohonov\desktop\strategyprototype3\straprotyp3\straprotyp\intermediate\debug-x64\straprotyp3\straprotyp3.tlog\link.command.1.tlog
c:\users\bogdan strohonov\desktop\strategyprototype3\straprotyp3\straprotyp\intermediate\debug-x64\straprotyp3\straprotyp3.tlog\link.read.1.tlog
c:\users\bogdan strohonov\desktop\strategyprototype3\straprotyp3\straprotyp\intermediate\debug-x64\straprotyp3\straprotyp3.tlog\link.write.1.tlog
c:\users\bogdan strohonov\desktop\strategyprototype3\straprotyp3\straprotyp\intermediate\debug-x64\straprotyp3\straprotyp3.tlog\straprotyp3.write.1u.tlog
